<?xml version="1.0" encoding="UTF-8"?>
<testng-results skipped="0" failed="0" total="0" passed="0">
  <reporter-output>
  </reporter-output>
  <suite name="com.heika.test.AppTest" duration-ms="2" started-at="2015-09-22T07:47:16Z" finished-at="2015-09-22T07:47:16Z">
    <groups>
    </groups>
    <test name="Command line test" duration-ms="2" started-at="2015-09-22T07:47:16Z" finished-at="2015-09-22T07:47:16Z">
    </test> <!-- Command line test -->
  </suite> <!-- com.heika.test.AppTest -->
</testng-results>
