<?xml version="1.0" encoding="UTF-8"?>
<testsuite name="TestSuite" time="2.368" tests="96" errors="0" skipped="0" failures="1">
  <properties>
[...]
</properties>
  <testcase name="getUserDetailInfo" classname="com.heika.test.verify.cases.API.TestGetUserDetail" time="0.682">
    <failure message="There are differences between user detail info from response and from DB expected [investigateNoteInfo=investigateNote=CES&#10;investigateUserName=超级管理员&#10;investigateTime=1440060901000&#10;&#10;firstVerifyNote=firstVerifyAmount=1.00&#10;firstVerifyCardProductName=黑卡五星&#10;firstVerifyNote=1&#10;firstVerifyUserName=超级管理员&#10;firstVerifyTime=1440586843000&#10;&#10;secondVerify=secondVerifyAmount=20000.00&#10;secondVerifyCardProductName=黑卡五星&#10;secondVerifyNote=42452&#10;secondVerifyUserName=超级管理员&#10;secondVerifyTime=1440642093000&#10;&#10;strategy=isOld=1&#10;result=通过审批&#10;amount=16000.00&#10;cardProductId=黑卡一星&#10;&#10;youxinBlackListEnum=NOT_IN_BLACK_LIST&#10;] but found [investigateNoteInfo=null&#10;firstVerifyNote=null&#10;secondVerify=null&#10;strategy=null&#10;youxinBlackListEnum=null&#10;]" type="java.lang.AssertionError">java.lang.AssertionError: There are differences between user detail info from response and from DB expected [investigateNoteInfo=investigateNote=CES
investigateUserName=超级管理员
investigateTime=1440060901000

firstVerifyNote=firstVerifyAmount=1.00
firstVerifyCardProductName=黑卡五星
firstVerifyNote=1
firstVerifyUserName=超级管理员
firstVerifyTime=1440586843000

secondVerify=secondVerifyAmount=20000.00
secondVerifyCardProductName=黑卡五星
secondVerifyNote=42452
secondVerifyUserName=超级管理员
secondVerifyTime=1440642093000

strategy=isOld=1
result=通过审批
amount=16000.00
cardProductId=黑卡一星

youxinBlackListEnum=NOT_IN_BLACK_LIST
] but found [investigateNoteInfo=null
firstVerifyNote=null
secondVerify=null
strategy=null
youxinBlackListEnum=null
]
	at org.testng.Assert.fail(Assert.java:94)
	at org.testng.Assert.failNotEquals(Assert.java:496)
	at org.testng.Assert.assertEquals(Assert.java:125)
	at com.heika.test.verify.cases.API.TestGetUserDetail.getUserDetailInfo(TestGetUserDetail.java:31)
</failure>
    <system-out><![CDATA[[Testing] [2015-11-03 06:05:41] [Get userDetail from DB: investigateNoteInfo=investigateNote=CES
investigateUserName=超级管理员
investigateTime=1440060901000

firstVerifyNote=firstVerifyAmount=1.00
firstVerifyCardProductName=黑卡五星
firstVerifyNote=1
firstVerifyUserName=超级管理员
firstVerifyTime=1440586843000

secondVerify=secondVerifyAmount=20000.00
secondVerifyCardProductName=黑卡五星
secondVerifyNote=42452
secondVerifyUserName=超级管理员
secondVerifyTime=1440642093000

strategy=isOld=1
result=通过审批
amount=16000.00
cardProductId=黑卡一星

youxinBlackListEnum=NOT_IN_BLACK_LIST
]
Response: {"data":{},"message":"Forbid consumer 172.16.2.38 access service com.heika.idcard.service.IdCardService from registry 127.0.0.1:6379 use dubbo version 2.5.3, Please check registry access list (whitelist/blacklist).","status":10101005}

[Testing] [2015-11-03 06:05:41] [Get userDetail from response: investigateNoteInfo=null
firstVerifyNote=null
secondVerify=null
strategy=null
youxinBlackListEnum=null
]
]]></system-out>
    <system-err><![CDATA[Nov 03, 2015 6:05:36 PM org.springframework.context.support.ClassPathXmlApplicationContext prepareRefresh
INFO: Refreshing org.springframework.context.support.ClassPathXmlApplicationContext@3108bc: startup date [Tue Nov 03 18:05:36 CST 2015]; root of context hierarchy
Nov 03, 2015 6:05:36 PM org.springframework.beans.factory.xml.XmlBeanDefinitionReader loadBeanDefinitions
INFO: Loading XML bean definitions from class path resource [main_spring.xml]
Nov 03, 2015 6:05:37 PM org.springframework.beans.factory.annotation.AutowiredAnnotationBeanPostProcessor <init>
INFO: JSR-330 'javax.inject.Inject' annotation found and supported for autowiring
Nov 03, 2015 6:05:38 PM org.springframework.jdbc.datasource.DriverManagerDataSource setDriverClassName
INFO: Loaded JDBC driver: com.mysql.jdbc.Driver
Nov 03, 2015 6:05:38 PM org.hibernate.annotations.common.Version <clinit>
INFO: HCANN000001: Hibernate Commons Annotations {4.0.2.Final}
Nov 03, 2015 6:05:38 PM org.hibernate.Version logVersion
INFO: HHH000412: Hibernate Core {4.2.2.Final}
Nov 03, 2015 6:05:38 PM org.hibernate.cfg.Environment <clinit>
INFO: HHH000206: hibernate.properties not found
Nov 03, 2015 6:05:38 PM org.hibernate.cfg.Environment buildBytecodeProvider
INFO: HHH000021: Bytecode provider name : javassist
Nov 03, 2015 6:05:39 PM org.hibernate.dialect.Dialect <init>
INFO: HHH000400: Using dialect: org.hibernate.dialect.MySQLDialect
Nov 03, 2015 6:05:39 PM org.hibernate.engine.transaction.internal.TransactionFactoryInitiator initiateService
INFO: HHH000399: Using default transaction strategy (direct JDBC transactions)
Nov 03, 2015 6:05:39 PM org.hibernate.hql.internal.ast.ASTQueryTranslatorFactory <init>
INFO: HHH000397: Using ASTQueryTranslatorFactory
Nov 03, 2015 6:05:40 PM org.springframework.orm.hibernate4.HibernateTransactionManager afterPropertiesSet
INFO: Using DataSource [org.springframework.jdbc.datasource.DriverManagerDataSource@21680803] of Hibernate SessionFactory for HibernateTransactionManager
Nov 03, 2015 6:05:41 PM org.hibernate.hql.internal.ast.HqlSqlWalker generatePositionalParameter
WARN: [DEPRECATION] Encountered positional parameter near line 1, column 79.  Positional parameter are considered deprecated; use named parameters or JPA-style positional parameters instead.
Nov 03, 2015 6:05:41 PM org.hibernate.hql.internal.ast.HqlSqlWalker generatePositionalParameter
WARN: [DEPRECATION] Encountered positional parameter near line 1, column 69.  Positional parameter are considered deprecated; use named parameters or JPA-style positional parameters instead.
Nov 03, 2015 6:05:41 PM org.hibernate.hql.internal.ast.HqlSqlWalker generatePositionalParameter
WARN: [DEPRECATION] Encountered positional parameter near line 1, column 68.  Positional parameter are considered deprecated; use named parameters or JPA-style positional parameters instead.
Nov 03, 2015 6:05:41 PM org.hibernate.hql.internal.ast.HqlSqlWalker generatePositionalParameter
WARN: [DEPRECATION] Encountered positional parameter near line 1, column 83.  Positional parameter are considered deprecated; use named parameters or JPA-style positional parameters instead.
]]></system-err>
  </testcase>
  <testcase name="getUserVerifyLog" classname="com.heika.test.verify.cases.API.TestGetUserVerifyLog" time="0.082"/>
  <testcase name="searchUser_by_pageNum" classname="com.heika.test.verify.cases.API.TestSearchUser" time="0.852"/>
  <testcase name="searchUser_by_pageNum" classname="com.heika.test.verify.cases.API.TestSearchUser" time="0.478"/>
  <testcase name="searchUser_by_pageNum" classname="com.heika.test.verify.cases.API.TestSearchUser" time="0.398"/>
  <testcase name="searchUser_by_pageNum" classname="com.heika.test.verify.cases.API.TestSearchUser" time="0.394"/>
  <testcase name="searchUser_by_pageNum" classname="com.heika.test.verify.cases.API.TestSearchUser" time="0.458"/>
  <testcase name="searchUser_by_verifyStatus" classname="com.heika.test.verify.cases.API.TestSearchUser" time="0.752"/>
  <testcase name="searchUser_by_verifyStatus" classname="com.heika.test.verify.cases.API.TestSearchUser" time="0.017"/>
  <testcase name="searchUser_by_verifyStatus" classname="com.heika.test.verify.cases.API.TestSearchUser" time="0.11"/>
  <testcase name="searchUser_by_verifyStatus" classname="com.heika.test.verify.cases.API.TestSearchUser" time="0.041"/>
  <testcase name="searchUser_by_verifyStatus" classname="com.heika.test.verify.cases.API.TestSearchUser" time="0.037"/>
  <testcase name="searchUser_by_verifyStatus" classname="com.heika.test.verify.cases.API.TestSearchUser" time="0.035"/>
  <testcase name="searchUser_by_verifyStatus" classname="com.heika.test.verify.cases.API.TestSearchUser" time="0.014"/>
  <testcase name="searchUser_by_verifyStatus" classname="com.heika.test.verify.cases.API.TestSearchUser" time="0.107"/>
  <testcase name="searchUser_by_verifyStatus" classname="com.heika.test.verify.cases.API.TestSearchUser" time="0.312"/>
  <testcase name="searchUser_by_verifyStatus" classname="com.heika.test.verify.cases.API.TestSearchUser" time="0.568"/>
  <testcase name="searchUser_by_verifyStatus" classname="com.heika.test.verify.cases.API.TestSearchUser" time="0.602"/>
  <testcase name="searchUser_by_verifyStatus" classname="com.heika.test.verify.cases.API.TestSearchUser" time="0.597"/>
  <testcase name="searchUser_by_verifyStatus" classname="com.heika.test.verify.cases.API.TestSearchUser" time="0.575"/>
  <testcase name="searchUser_by_verifyStatus" classname="com.heika.test.verify.cases.API.TestSearchUser" time="0.015"/>
  <testcase name="searchUser_by_verifyStatus" classname="com.heika.test.verify.cases.API.TestSearchUser" time="0.013"/>
  <testcase name="searchUser_by_verifyStatus" classname="com.heika.test.verify.cases.API.TestSearchUser" time="0.014"/>
  <testcase name="searchUser_by_verifyStatus" classname="com.heika.test.verify.cases.API.TestSearchUser" time="0.013"/>
  <testcase name="searchUser_by_verifyStatus" classname="com.heika.test.verify.cases.API.TestSearchUser" time="0.09"/>
  <testcase name="searchUser_by_verifyStatus" classname="com.heika.test.verify.cases.API.TestSearchUser" time="0.092"/>
  <testcase name="searchUser_by_verifyStatus" classname="com.heika.test.verify.cases.API.TestSearchUser" time="0.09"/>
  <testcase name="searchUser_by_verifyStatus" classname="com.heika.test.verify.cases.API.TestSearchUser" time="0.091"/>
  <testcase name="searchUser_by_verifyStatus" classname="com.heika.test.verify.cases.API.TestSearchUser" time="0.038"/>
  <testcase name="searchUser_by_verifyStatus" classname="com.heika.test.verify.cases.API.TestSearchUser" time="0.037"/>
  <testcase name="searchUser_by_verifyStatus" classname="com.heika.test.verify.cases.API.TestSearchUser" time="0.036"/>
  <testcase name="searchUser_by_verifyStatus" classname="com.heika.test.verify.cases.API.TestSearchUser" time="0.036"/>
  <testcase name="searchUser_by_verifyStatus" classname="com.heika.test.verify.cases.API.TestSearchUser" time="0.031"/>
  <testcase name="searchUser_by_verifyStatus" classname="com.heika.test.verify.cases.API.TestSearchUser" time="0.032"/>
  <testcase name="searchUser_by_verifyStatus" classname="com.heika.test.verify.cases.API.TestSearchUser" time="0.036"/>
  <testcase name="searchUser_by_verifyStatus" classname="com.heika.test.verify.cases.API.TestSearchUser" time="0.033"/>
  <testcase name="searchUser_by_verifyStatus" classname="com.heika.test.verify.cases.API.TestSearchUser" time="0.039"/>
  <testcase name="searchUser_by_verifyStatus" classname="com.heika.test.verify.cases.API.TestSearchUser" time="0.034"/>
  <testcase name="searchUser_by_verifyStatus" classname="com.heika.test.verify.cases.API.TestSearchUser" time="0.034"/>
  <testcase name="searchUser_by_verifyStatus" classname="com.heika.test.verify.cases.API.TestSearchUser" time="0.034"/>
  <testcase name="searchUser_by_verifyStatus" classname="com.heika.test.verify.cases.API.TestSearchUser" time="0.014"/>
  <testcase name="searchUser_by_verifyStatus" classname="com.heika.test.verify.cases.API.TestSearchUser" time="0.013"/>
  <testcase name="searchUser_by_verifyStatus" classname="com.heika.test.verify.cases.API.TestSearchUser" time="0.012"/>
  <testcase name="searchUser_by_verifyStatus" classname="com.heika.test.verify.cases.API.TestSearchUser" time="0.012"/>
  <testcase name="searchUser_by_verifyStatus" classname="com.heika.test.verify.cases.API.TestSearchUser" time="0.096"/>
  <testcase name="searchUser_by_verifyStatus" classname="com.heika.test.verify.cases.API.TestSearchUser" time="0.095"/>
  <testcase name="searchUser_by_verifyStatus" classname="com.heika.test.verify.cases.API.TestSearchUser" time="0.094"/>
  <testcase name="searchUser_by_verifyStatus" classname="com.heika.test.verify.cases.API.TestSearchUser" time="0.094"/>
  <testcase name="searchUser_by_verifyStatus" classname="com.heika.test.verify.cases.API.TestSearchUser" time="0.277"/>
  <testcase name="searchUser_by_verifyStatus" classname="com.heika.test.verify.cases.API.TestSearchUser" time="0.279"/>
  <testcase name="searchUser_by_verifyStatus" classname="com.heika.test.verify.cases.API.TestSearchUser" time="0.277"/>
  <testcase name="searchUser_by_verifyStatus" classname="com.heika.test.verify.cases.API.TestSearchUser" time="0.278"/>
  <testcase name="searchUser_by_verifyStatus" classname="com.heika.test.verify.cases.API.TestSearchUser" time="0.481"/>
  <testcase name="searchUser_by_verifyStatus" classname="com.heika.test.verify.cases.API.TestSearchUser" time="0.446"/>
  <testcase name="searchUser_by_verifyStatus" classname="com.heika.test.verify.cases.API.TestSearchUser" time="0.446"/>
  <testcase name="searchUser_by_verifyStatus" classname="com.heika.test.verify.cases.API.TestSearchUser" time="0.447"/>
  <testcase name="searchUser_by_verifyStatus" classname="com.heika.test.verify.cases.API.TestSearchUser" time="0.015"/>
  <testcase name="searchUser_by_verifyStatus" classname="com.heika.test.verify.cases.API.TestSearchUser" time="0.013"/>
  <testcase name="searchUser_by_verifyStatus" classname="com.heika.test.verify.cases.API.TestSearchUser" time="0.014"/>
  <testcase name="searchUser_by_verifyStatus" classname="com.heika.test.verify.cases.API.TestSearchUser" time="0.014"/>
  <testcase name="searchUser_by_verifyStatus" classname="com.heika.test.verify.cases.API.TestSearchUser" time="0.058"/>
  <testcase name="searchUser_by_verifyStatus" classname="com.heika.test.verify.cases.API.TestSearchUser" time="0.058"/>
  <testcase name="searchUser_by_verifyStatus" classname="com.heika.test.verify.cases.API.TestSearchUser" time="0.056"/>
  <testcase name="searchUser_by_verifyStatus" classname="com.heika.test.verify.cases.API.TestSearchUser" time="0.055"/>
  <testcase name="searchUser_by_verifyStatus" classname="com.heika.test.verify.cases.API.TestSearchUser" time="0.025"/>
  <testcase name="searchUser_by_verifyStatus" classname="com.heika.test.verify.cases.API.TestSearchUser" time="0.025"/>
  <testcase name="searchUser_by_verifyStatus" classname="com.heika.test.verify.cases.API.TestSearchUser" time="0.026"/>
  <testcase name="searchUser_by_verifyStatus" classname="com.heika.test.verify.cases.API.TestSearchUser" time="0.026"/>
  <testcase name="searchUser_by_verifyStatus" classname="com.heika.test.verify.cases.API.TestSearchUser" time="0.022"/>
  <testcase name="searchUser_by_verifyStatus" classname="com.heika.test.verify.cases.API.TestSearchUser" time="0.023"/>
  <testcase name="searchUser_by_verifyStatus" classname="com.heika.test.verify.cases.API.TestSearchUser" time="0.026"/>
  <testcase name="searchUser_by_verifyStatus" classname="com.heika.test.verify.cases.API.TestSearchUser" time="0.024"/>
  <testcase name="searchUser_by_verifyStatus" classname="com.heika.test.verify.cases.API.TestSearchUser" time="0.024"/>
  <testcase name="searchUser_by_verifyStatus" classname="com.heika.test.verify.cases.API.TestSearchUser" time="0.023"/>
  <testcase name="searchUser_by_verifyStatus" classname="com.heika.test.verify.cases.API.TestSearchUser" time="0.025"/>
  <testcase name="searchUser_by_verifyStatus" classname="com.heika.test.verify.cases.API.TestSearchUser" time="0.026"/>
  <testcase name="searchUser_by_verifyStatus" classname="com.heika.test.verify.cases.API.TestSearchUser" time="0.013"/>
  <testcase name="searchUser_by_verifyStatus" classname="com.heika.test.verify.cases.API.TestSearchUser" time="0.011"/>
  <testcase name="searchUser_by_verifyStatus" classname="com.heika.test.verify.cases.API.TestSearchUser" time="0.014"/>
  <testcase name="searchUser_by_verifyStatus" classname="com.heika.test.verify.cases.API.TestSearchUser" time="0.013"/>
  <testcase name="searchUser_by_verifyStatus" classname="com.heika.test.verify.cases.API.TestSearchUser" time="0.06"/>
  <testcase name="searchUser_by_verifyStatus" classname="com.heika.test.verify.cases.API.TestSearchUser" time="0.063"/>
  <testcase name="searchUser_by_verifyStatus" classname="com.heika.test.verify.cases.API.TestSearchUser" time="0.064"/>
  <testcase name="searchUser_by_verifyStatus" classname="com.heika.test.verify.cases.API.TestSearchUser" time="0.063"/>
  <testcase name="searchUser_by_verifyStatus" classname="com.heika.test.verify.cases.API.TestSearchUser" time="0.197"/>
  <testcase name="searchUser_by_verifyStatus" classname="com.heika.test.verify.cases.API.TestSearchUser" time="0.197"/>
  <testcase name="searchUser_by_verifyStatus" classname="com.heika.test.verify.cases.API.TestSearchUser" time="0.197"/>
  <testcase name="searchUser_by_verifyStatus" classname="com.heika.test.verify.cases.API.TestSearchUser" time="0.188"/>
  <testcase name="searchUser_by_verifyStatus" classname="com.heika.test.verify.cases.API.TestSearchUser" time="1.164"/>
  <testcase name="searchUser_by_verifyStatus" classname="com.heika.test.verify.cases.API.TestSearchUser" time="1.193"/>
  <testcase name="searchUser_by_verifyStatus" classname="com.heika.test.verify.cases.API.TestSearchUser" time="1.196"/>
  <testcase name="searchUser_by_verifyStatus" classname="com.heika.test.verify.cases.API.TestSearchUser" time="1.17"/>
  <testcase name="searchUser_by_verifyStatus" classname="com.heika.test.verify.cases.API.TestSearchUser" time="1.445"/>
  <testcase name="searchUser_by_verifyStatus" classname="com.heika.test.verify.cases.API.TestSearchUser" time="1.43"/>
  <testcase name="searchUser_by_verifyStatus" classname="com.heika.test.verify.cases.API.TestSearchUser" time="1.425"/>
  <testcase name="searchUser_by_verifyStatus" classname="com.heika.test.verify.cases.API.TestSearchUser" time="1.449"/>
</testsuite>