<?xml version="1.0" encoding="UTF-8"?>
<testng-results skipped="0" failed="1" total="96" passed="95">
  <reporter-output>
    <line>
      <![CDATA[[Testing] [2015-11-03 06:05:41] [Get userDetail from DB: investigateNoteInfo=investigateNote=CES
investigateUserName=超级管理员
investigateTime=1440060901000

firstVerifyNote=firstVerifyAmount=1.00
firstVerifyCardProductName=黑卡五星
firstVerifyNote=1
firstVerifyUserName=超级管理员
firstVerifyTime=1440586843000

secondVerify=secondVerifyAmount=20000.00
secondVerifyCardProductName=黑卡五星
secondVerifyNote=42452
secondVerifyUserName=超级管理员
secondVerifyTime=1440642093000

strategy=isOld=1
result=通过审批
amount=16000.00
cardProductId=黑卡一星

youxinBlackListEnum=NOT_IN_BLACK_LIST
]]]>
    </line>
    <line>
      <![CDATA[Response: {"data":{},"message":"Forbid consumer 172.16.2.38 access service com.heika.idcard.service.IdCardService from registry 127.0.0.1:6379 use dubbo version 2.5.3, Please check registry access list (whitelist/blacklist).","status":10101005}
]]>
    </line>
    <line>
      <![CDATA[[Testing] [2015-11-03 06:05:41] [Get userDetail from response: investigateNoteInfo=null
firstVerifyNote=null
secondVerify=null
strategy=null
youxinBlackListEnum=null
]]]>
    </line>
    <line>
      <![CDATA[The element count for page num 1, page size 10
]]>
    </line>
    <line>
      <![CDATA[The element count for page num 2, page size 10
]]>
    </line>
    <line>
      <![CDATA[The element count for page num 3, page size 10
]]>
    </line>
    <line>
      <![CDATA[The element count for page num 4, page size 10
]]>
    </line>
    <line>
      <![CDATA[The element count for page num 5, page size 10
]]>
    </line>
    <line>
      <![CDATA[The element count for page num 6, page size 10
]]>
    </line>
    <line>
      <![CDATA[The element count for page num 7, page size 10
]]>
    </line>
    <line>
      <![CDATA[The element count for page num 8, page size 10
]]>
    </line>
    <line>
      <![CDATA[The element count for page num 9, page size 10
]]>
    </line>
    <line>
      <![CDATA[The element count for page num 10, page size 10
]]>
    </line>
    <line>
      <![CDATA[The element count for page num 11, page size 10
]]>
    </line>
    <line>
      <![CDATA[The element count for page num 12, page size 10
]]>
    </line>
    <line>
      <![CDATA[The element count for page num 13, page size 10
]]>
    </line>
    <line>
      <![CDATA[The element count for page num 14, page size 10
]]>
    </line>
    <line>
      <![CDATA[The element count for page num 15, page size 10
]]>
    </line>
    <line>
      <![CDATA[The element count for page num 16, page size 10
]]>
    </line>
    <line>
      <![CDATA[The element count for page num 17, page size 10
]]>
    </line>
    <line>
      <![CDATA[The element count for page num 18, page size 10
]]>
    </line>
    <line>
      <![CDATA[The element count for page num 19, page size 10
]]>
    </line>
    <line>
      <![CDATA[The element count for page num 20, page size 10
]]>
    </line>
    <line>
      <![CDATA[The element count for page num 21, page size 10
]]>
    </line>
    <line>
      <![CDATA[The element count for page num 22, page size 10
]]>
    </line>
    <line>
      <![CDATA[The element count for page num 23, page size 10
]]>
    </line>
    <line>
      <![CDATA[The element count for page num 24, page size 10
]]>
    </line>
    <line>
      <![CDATA[The element count for page num 25, page size 10
]]>
    </line>
    <line>
      <![CDATA[The element count for page num 26, page size 10
]]>
    </line>
    <line>
      <![CDATA[The element count for page num 27, page size 10
]]>
    </line>
    <line>
      <![CDATA[The element count for page num 28, page size 10
]]>
    </line>
    <line>
      <![CDATA[The element count for page num 29, page size 10
]]>
    </line>
    <line>
      <![CDATA[The element count for page num 1, page size 20
]]>
    </line>
    <line>
      <![CDATA[The element count for page num 2, page size 20
]]>
    </line>
    <line>
      <![CDATA[The element count for page num 3, page size 20
]]>
    </line>
    <line>
      <![CDATA[The element count for page num 4, page size 20
]]>
    </line>
    <line>
      <![CDATA[The element count for page num 5, page size 20
]]>
    </line>
    <line>
      <![CDATA[The element count for page num 6, page size 20
]]>
    </line>
    <line>
      <![CDATA[The element count for page num 7, page size 20
]]>
    </line>
    <line>
      <![CDATA[The element count for page num 8, page size 20
]]>
    </line>
    <line>
      <![CDATA[The element count for page num 9, page size 20
]]>
    </line>
    <line>
      <![CDATA[The element count for page num 10, page size 20
]]>
    </line>
    <line>
      <![CDATA[The element count for page num 11, page size 20
]]>
    </line>
    <line>
      <![CDATA[The element count for page num 12, page size 20
]]>
    </line>
    <line>
      <![CDATA[The element count for page num 13, page size 20
]]>
    </line>
    <line>
      <![CDATA[The element count for page num 14, page size 20
]]>
    </line>
    <line>
      <![CDATA[The element count for page num 15, page size 20
]]>
    </line>
    <line>
      <![CDATA[The element count for page num 1, page size 50
]]>
    </line>
    <line>
      <![CDATA[The element count for page num 2, page size 50
]]>
    </line>
    <line>
      <![CDATA[The element count for page num 3, page size 50
]]>
    </line>
    <line>
      <![CDATA[The element count for page num 4, page size 50
]]>
    </line>
    <line>
      <![CDATA[The element count for page num 5, page size 50
]]>
    </line>
    <line>
      <![CDATA[The element count for page num 6, page size 50
]]>
    </line>
    <line>
      <![CDATA[The element count for page num 1, page size 100
]]>
    </line>
    <line>
      <![CDATA[The element count for page num 2, page size 100
]]>
    </line>
    <line>
      <![CDATA[The element count for page num 3, page size 100
]]>
    </line>
    <line>
      <![CDATA[The element count for page num 1, page size 200
]]>
    </line>
    <line>
      <![CDATA[The element count for page num 2, page size 200
]]>
    </line>
    <line>
      <![CDATA[Sending request with following params: pageNum=1&pageSize=999&type=&key=&verifyStatuses=UNCOMMIT]]>
    </line>
    <line>
      <![CDATA[Sending request with following params: pageNum=1&pageSize=999&type=&key=&verifyStatuses=INQUIREING]]>
    </line>
    <line>
      <![CDATA[Sending request with following params: pageNum=1&pageSize=999&type=&key=&verifyStatuses=VERIFY_FAIL]]>
    </line>
    <line>
      <![CDATA[Sending request with following params: pageNum=1&pageSize=999&type=&key=&verifyStatuses=INQUIRE_SUCCESS]]>
    </line>
    <line>
      <![CDATA[Sending request with following params: pageNum=1&pageSize=999&type=&key=&verifyStatuses=FIRST_SEND_BACK]]>
    </line>
    <line>
      <![CDATA[Sending request with following params: pageNum=1&pageSize=999&type=&key=&verifyStatuses=FIRST_VERIFY_SUCCESS]]>
    </line>
    <line>
      <![CDATA[Sending request with following params: pageNum=1&pageSize=999&type=&key=&verifyStatuses=SECOND_SEND_BACK]]>
    </line>
    <line>
      <![CDATA[Sending request with following params: pageNum=1&pageSize=999&type=&key=&verifyStatuses=VERIFY_REJECT]]>
    </line>
    <line>
      <![CDATA[Sending request with following params: pageNum=1&pageSize=999&type=&key=&verifyStatuses=VERIFY_SUCCESS]]>
    </line>
    <line>
      <![CDATA[Sending request with following params: pageNum=1&pageSize=999&type=NICKNAME&key=&verifyStatuses=UNCOMMIT]]>
    </line>
    <line>
      <![CDATA[Sending request with following params: pageNum=1&pageSize=999&type=MOBILE&key=&verifyStatuses=UNCOMMIT]]>
    </line>
    <line>
      <![CDATA[Sending request with following params: pageNum=1&pageSize=999&type=IDCARD&key=&verifyStatuses=UNCOMMIT]]>
    </line>
    <line>
      <![CDATA[Sending request with following params: pageNum=1&pageSize=999&type=USERNAME&key=&verifyStatuses=UNCOMMIT]]>
    </line>
    <line>
      <![CDATA[Sending request with following params: pageNum=1&pageSize=999&type=NICKNAME&key=&verifyStatuses=INQUIREING]]>
    </line>
    <line>
      <![CDATA[Sending request with following params: pageNum=1&pageSize=999&type=MOBILE&key=&verifyStatuses=INQUIREING]]>
    </line>
    <line>
      <![CDATA[Sending request with following params: pageNum=1&pageSize=999&type=IDCARD&key=&verifyStatuses=INQUIREING]]>
    </line>
    <line>
      <![CDATA[Sending request with following params: pageNum=1&pageSize=999&type=USERNAME&key=&verifyStatuses=INQUIREING]]>
    </line>
    <line>
      <![CDATA[Sending request with following params: pageNum=1&pageSize=999&type=NICKNAME&key=&verifyStatuses=VERIFY_FAIL]]>
    </line>
    <line>
      <![CDATA[Sending request with following params: pageNum=1&pageSize=999&type=MOBILE&key=&verifyStatuses=VERIFY_FAIL]]>
    </line>
    <line>
      <![CDATA[Sending request with following params: pageNum=1&pageSize=999&type=IDCARD&key=&verifyStatuses=VERIFY_FAIL]]>
    </line>
    <line>
      <![CDATA[Sending request with following params: pageNum=1&pageSize=999&type=USERNAME&key=&verifyStatuses=VERIFY_FAIL]]>
    </line>
    <line>
      <![CDATA[Sending request with following params: pageNum=1&pageSize=999&type=NICKNAME&key=&verifyStatuses=INQUIRE_SUCCESS]]>
    </line>
    <line>
      <![CDATA[Sending request with following params: pageNum=1&pageSize=999&type=MOBILE&key=&verifyStatuses=INQUIRE_SUCCESS]]>
    </line>
    <line>
      <![CDATA[Sending request with following params: pageNum=1&pageSize=999&type=IDCARD&key=&verifyStatuses=INQUIRE_SUCCESS]]>
    </line>
    <line>
      <![CDATA[Sending request with following params: pageNum=1&pageSize=999&type=USERNAME&key=&verifyStatuses=INQUIRE_SUCCESS]]>
    </line>
    <line>
      <![CDATA[Sending request with following params: pageNum=1&pageSize=999&type=NICKNAME&key=&verifyStatuses=FIRST_SEND_BACK]]>
    </line>
    <line>
      <![CDATA[Sending request with following params: pageNum=1&pageSize=999&type=MOBILE&key=&verifyStatuses=FIRST_SEND_BACK]]>
    </line>
    <line>
      <![CDATA[Sending request with following params: pageNum=1&pageSize=999&type=IDCARD&key=&verifyStatuses=FIRST_SEND_BACK]]>
    </line>
    <line>
      <![CDATA[Sending request with following params: pageNum=1&pageSize=999&type=USERNAME&key=&verifyStatuses=FIRST_SEND_BACK]]>
    </line>
    <line>
      <![CDATA[Sending request with following params: pageNum=1&pageSize=999&type=NICKNAME&key=&verifyStatuses=FIRST_VERIFY_SUCCESS]]>
    </line>
    <line>
      <![CDATA[Sending request with following params: pageNum=1&pageSize=999&type=MOBILE&key=&verifyStatuses=FIRST_VERIFY_SUCCESS]]>
    </line>
    <line>
      <![CDATA[Sending request with following params: pageNum=1&pageSize=999&type=IDCARD&key=&verifyStatuses=FIRST_VERIFY_SUCCESS]]>
    </line>
    <line>
      <![CDATA[Sending request with following params: pageNum=1&pageSize=999&type=USERNAME&key=&verifyStatuses=FIRST_VERIFY_SUCCESS]]>
    </line>
    <line>
      <![CDATA[Sending request with following params: pageNum=1&pageSize=999&type=NICKNAME&key=&verifyStatuses=SECOND_SEND_BACK]]>
    </line>
    <line>
      <![CDATA[Sending request with following params: pageNum=1&pageSize=999&type=MOBILE&key=&verifyStatuses=SECOND_SEND_BACK]]>
    </line>
    <line>
      <![CDATA[Sending request with following params: pageNum=1&pageSize=999&type=IDCARD&key=&verifyStatuses=SECOND_SEND_BACK]]>
    </line>
    <line>
      <![CDATA[Sending request with following params: pageNum=1&pageSize=999&type=USERNAME&key=&verifyStatuses=SECOND_SEND_BACK]]>
    </line>
    <line>
      <![CDATA[Sending request with following params: pageNum=1&pageSize=999&type=NICKNAME&key=&verifyStatuses=VERIFY_REJECT]]>
    </line>
    <line>
      <![CDATA[Sending request with following params: pageNum=1&pageSize=999&type=MOBILE&key=&verifyStatuses=VERIFY_REJECT]]>
    </line>
    <line>
      <![CDATA[Sending request with following params: pageNum=1&pageSize=999&type=IDCARD&key=&verifyStatuses=VERIFY_REJECT]]>
    </line>
    <line>
      <![CDATA[Sending request with following params: pageNum=1&pageSize=999&type=USERNAME&key=&verifyStatuses=VERIFY_REJECT]]>
    </line>
    <line>
      <![CDATA[Sending request with following params: pageNum=1&pageSize=999&type=NICKNAME&key=&verifyStatuses=VERIFY_SUCCESS]]>
    </line>
    <line>
      <![CDATA[Sending request with following params: pageNum=1&pageSize=999&type=MOBILE&key=&verifyStatuses=VERIFY_SUCCESS]]>
    </line>
    <line>
      <![CDATA[Sending request with following params: pageNum=1&pageSize=999&type=IDCARD&key=&verifyStatuses=VERIFY_SUCCESS]]>
    </line>
    <line>
      <![CDATA[Sending request with following params: pageNum=1&pageSize=999&type=USERNAME&key=&verifyStatuses=VERIFY_SUCCESS]]>
    </line>
    <line>
      <![CDATA[Sending request with following params: pageNum=1&pageSize=999&type=NICKNAME&key=final_test31&verifyStatuses=UNCOMMIT]]>
    </line>
    <line>
      <![CDATA[Sending request with following params: pageNum=1&pageSize=999&type=MOBILE&key=13612100001&verifyStatuses=UNCOMMIT]]>
    </line>
    <line>
      <![CDATA[Sending request with following params: pageNum=1&pageSize=999&type=IDCARD&key=620600198111148628&verifyStatuses=UNCOMMIT]]>
    </line>
    <line>
      <![CDATA[Sending request with following params: pageNum=1&pageSize=999&type=USERNAME&key=王大1&verifyStatuses=UNCOMMIT]]>
    </line>
    <line>
      <![CDATA[Sending request with following params: pageNum=1&pageSize=999&type=NICKNAME&key=rrd_111&verifyStatuses=INQUIREING]]>
    </line>
    <line>
      <![CDATA[Sending request with following params: pageNum=1&pageSize=999&type=MOBILE&key=13812200111&verifyStatuses=INQUIREING]]>
    </line>
    <line>
      <![CDATA[Sending request with following params: pageNum=1&pageSize=999&type=IDCARD&key=620600198111148628&verifyStatuses=INQUIREING]]>
    </line>
    <line>
      <![CDATA[Sending request with following params: pageNum=1&pageSize=999&type=USERNAME&key=测试111&verifyStatuses=INQUIREING]]>
    </line>
    <line>
      <![CDATA[Sending request with following params: pageNum=1&pageSize=999&type=NICKNAME&key=rrd_80&verifyStatuses=VERIFY_FAIL]]>
    </line>
    <line>
      <![CDATA[Sending request with following params: pageNum=1&pageSize=999&type=MOBILE&key=13812200080&verifyStatuses=VERIFY_FAIL]]>
    </line>
    <line>
      <![CDATA[Sending request with following params: pageNum=1&pageSize=999&type=IDCARD&key=620600198111148628&verifyStatuses=VERIFY_FAIL]]>
    </line>
    <line>
      <![CDATA[Sending request with following params: pageNum=1&pageSize=999&type=USERNAME&key=测试80&verifyStatuses=VERIFY_FAIL]]>
    </line>
    <line>
      <![CDATA[Sending request with following params: pageNum=1&pageSize=999&type=NICKNAME&key=rrd_92&verifyStatuses=INQUIRE_SUCCESS]]>
    </line>
    <line>
      <![CDATA[Sending request with following params: pageNum=1&pageSize=999&type=MOBILE&key=13812200092&verifyStatuses=INQUIRE_SUCCESS]]>
    </line>
    <line>
      <![CDATA[Sending request with following params: pageNum=1&pageSize=999&type=IDCARD&key=620600198111148628&verifyStatuses=INQUIRE_SUCCESS]]>
    </line>
    <line>
      <![CDATA[Sending request with following params: pageNum=1&pageSize=999&type=USERNAME&key=测试92&verifyStatuses=INQUIRE_SUCCESS]]>
    </line>
    <line>
      <![CDATA[Sending request with following params: pageNum=1&pageSize=999&type=NICKNAME&key=rrd_88&verifyStatuses=FIRST_SEND_BACK]]>
    </line>
    <line>
      <![CDATA[Sending request with following params: pageNum=1&pageSize=999&type=MOBILE&key=13812200088&verifyStatuses=FIRST_SEND_BACK]]>
    </line>
    <line>
      <![CDATA[Sending request with following params: pageNum=1&pageSize=999&type=IDCARD&key=620600198111148628&verifyStatuses=FIRST_SEND_BACK]]>
    </line>
    <line>
      <![CDATA[Sending request with following params: pageNum=1&pageSize=999&type=USERNAME&key=测试88&verifyStatuses=FIRST_SEND_BACK]]>
    </line>
    <line>
      <![CDATA[Sending request with following params: pageNum=1&pageSize=999&type=NICKNAME&key=rrd_85&verifyStatuses=FIRST_VERIFY_SUCCESS]]>
    </line>
    <line>
      <![CDATA[Sending request with following params: pageNum=1&pageSize=999&type=MOBILE&key=13812200085&verifyStatuses=FIRST_VERIFY_SUCCESS]]>
    </line>
    <line>
      <![CDATA[Sending request with following params: pageNum=1&pageSize=999&type=IDCARD&key=620600198111148628&verifyStatuses=FIRST_VERIFY_SUCCESS]]>
    </line>
    <line>
      <![CDATA[Sending request with following params: pageNum=1&pageSize=999&type=USERNAME&key=测试85&verifyStatuses=FIRST_VERIFY_SUCCESS]]>
    </line>
    <line>
      <![CDATA[Sending request with following params: pageNum=1&pageSize=999&type=NICKNAME&key=rrd_48&verifyStatuses=SECOND_SEND_BACK]]>
    </line>
    <line>
      <![CDATA[Sending request with following params: pageNum=1&pageSize=999&type=MOBILE&key=13812200048&verifyStatuses=SECOND_SEND_BACK]]>
    </line>
    <line>
      <![CDATA[Sending request with following params: pageNum=1&pageSize=999&type=IDCARD&key=620600198111148628&verifyStatuses=SECOND_SEND_BACK]]>
    </line>
    <line>
      <![CDATA[Sending request with following params: pageNum=1&pageSize=999&type=USERNAME&key=测试48&verifyStatuses=SECOND_SEND_BACK]]>
    </line>
    <line>
      <![CDATA[Sending request with following params: pageNum=1&pageSize=999&type=NICKNAME&key=rrd_20&verifyStatuses=VERIFY_REJECT]]>
    </line>
    <line>
      <![CDATA[Sending request with following params: pageNum=1&pageSize=999&type=MOBILE&key=13812200020&verifyStatuses=VERIFY_REJECT]]>
    </line>
    <line>
      <![CDATA[Sending request with following params: pageNum=1&pageSize=999&type=IDCARD&key=620600198111148628&verifyStatuses=VERIFY_REJECT]]>
    </line>
    <line>
      <![CDATA[Sending request with following params: pageNum=1&pageSize=999&type=USERNAME&key=测试20&verifyStatuses=VERIFY_REJECT]]>
    </line>
    <line>
      <![CDATA[Sending request with following params: pageNum=1&pageSize=999&type=NICKNAME&key=rrd_69&verifyStatuses=VERIFY_SUCCESS]]>
    </line>
    <line>
      <![CDATA[Sending request with following params: pageNum=1&pageSize=999&type=MOBILE&key=13812200069&verifyStatuses=VERIFY_SUCCESS]]>
    </line>
    <line>
      <![CDATA[Sending request with following params: pageNum=1&pageSize=999&type=IDCARD&key=620600198111148628&verifyStatuses=VERIFY_SUCCESS]]>
    </line>
    <line>
      <![CDATA[Sending request with following params: pageNum=1&pageSize=999&type=USERNAME&key=测试69&verifyStatuses=VERIFY_SUCCESS]]>
    </line>
    <line>
      <![CDATA[Sending request with following params: pageNum=1&pageSize=999&type=NICKNAME&key=shenshuo111&verifyStatuses=]]>
    </line>
    <line>
      <![CDATA[Sending request with following params: pageNum=1&pageSize=999&type=MOBILE&key=15911027605&verifyStatuses=]]>
    </line>
    <line>
      <![CDATA[Sending request with following params: pageNum=1&pageSize=999&type=IDCARD&key=610830198212012014&verifyStatuses=]]>
    </line>
    <line>
      <![CDATA[Sending request with following params: pageNum=1&pageSize=999&type=USERNAME&key=史良万&verifyStatuses=]]>
    </line>
    <line>
      <![CDATA[Sending request with following params: pageNum=1&pageSize=999&type=NICKNAME&key=&verifyStatuses=]]>
    </line>
    <line>
      <![CDATA[Sending request with following params: pageNum=1&pageSize=999&type=MOBILE&key=&verifyStatuses=]]>
    </line>
    <line>
      <![CDATA[Sending request with following params: pageNum=1&pageSize=999&type=IDCARD&key=&verifyStatuses=]]>
    </line>
    <line>
      <![CDATA[Sending request with following params: pageNum=1&pageSize=999&type=USERNAME&key=&verifyStatuses=]]>
    </line>
  </reporter-output>
  <suite name="Suite1" duration-ms="29167" started-at="2015-11-03T10:05:35Z" finished-at="2015-11-03T10:06:05Z">
    <groups>
      <group name="verify">
        <method signature="TestGetUserDetail.getUserDetailInfo(java.lang.String)[pri:0, instance:com.heika.test.verify.cases.API.TestGetUserDetail@234bef66]" name="getUserDetailInfo" class="com.heika.test.verify.cases.API.TestGetUserDetail"/>
        <method signature="TestGetUserVerifyLog.getUserVerifyLog(java.lang.String)[pri:0, instance:com.heika.test.verify.cases.API.TestGetUserVerifyLog@39fb3ab6]" name="getUserVerifyLog" class="com.heika.test.verify.cases.API.TestGetUserVerifyLog"/>
        <method signature="TestSearchUser.searchUser_by_pageNum(int)[pri:0, instance:com.heika.test.verify.cases.API.TestSearchUser@6276ae34]" name="searchUser_by_pageNum" class="com.heika.test.verify.cases.API.TestSearchUser"/>
        <method signature="TestSearchUser.searchUser_by_verifyStatus(java.lang.String, java.lang.String, java.lang.String)[pri:0, instance:com.heika.test.verify.cases.API.TestSearchUser@6276ae34]" name="searchUser_by_verifyStatus" class="com.heika.test.verify.cases.API.TestSearchUser"/>
      </group> <!-- verify -->
    </groups>
    <test name="Test1" duration-ms="29167" started-at="2015-11-03T10:05:35Z" finished-at="2015-11-03T10:06:05Z">
      <class name="com.heika.test.verify.cases.API.TestGetUserVerifyLog">
        <test-method status="PASS" signature="init(java.lang.String, java.lang.String, java.lang.String, java.lang.String, java.lang.String, java.lang.String)[pri:0, instance:com.heika.test.verify.cases.API.TestGetUserVerifyLog@39fb3ab6]" name="init" is-config="true" duration-ms="406" started-at="2015-11-03T18:05:41Z" finished-at="2015-11-03T18:05:41Z">
          <params>
            <param index="0">
              <value>
                <![CDATA[http://172.16.2.38:15081/]]>
              </value>
            </param>
            <param index="1">
              <value>
                <![CDATA[admin@renrendai.com]]>
              </value>
            </param>
            <param index="2">
              <value>
                <![CDATA[bH7Qsd8kPfEE2zdTwgZUVF2iYv5kVtBGAyWBzZjk50S2uaWgVMLtbAtTgIpu0D85X3VgFie%2F3W4HCHY088%2BCAVEO8PyW0nq57id29Aw5Mm0PA5KEf6Z18roUeGDfsTF0G5ifCwPRfC4P%2Bu0E7YUEEAikWHgevfqSYGtKub0uQvA%3D]]>
              </value>
            </param>
            <param index="3">
              <value>
                <![CDATA[jdbc:mysql://172.16.2.38:3306/heika_new]]>
              </value>
            </param>
            <param index="4">
              <value>
                <![CDATA[heika_dev]]>
              </value>
            </param>
            <param index="5">
              <value>
                <![CDATA[heika_dev@qwe321]]>
              </value>
            </param>
          </params>
          <reporter-output>
          </reporter-output>
        </test-method> <!-- init -->
        <test-method status="PASS" signature="getUserVerifyLog(java.lang.String)[pri:0, instance:com.heika.test.verify.cases.API.TestGetUserVerifyLog@39fb3ab6]" name="getUserVerifyLog" duration-ms="82" started-at="2015-11-03T18:05:41Z" description="审核后台，用户查询页面下获取用户流水的接口测试。 接口： user/getUserVerifyLog" finished-at="2015-11-03T18:05:41Z">
          <params>
            <param index="0">
              <value>
                <![CDATA[100034582]]>
              </value>
            </param>
          </params>
          <reporter-output>
          </reporter-output>
        </test-method> <!-- getUserVerifyLog -->
      </class> <!-- com.heika.test.verify.cases.API.TestGetUserVerifyLog -->
      <class name="com.heika.test.verify.cases.API.TestSearchUser">
        <test-method status="PASS" signature="init(java.lang.String, java.lang.String, java.lang.String, java.lang.String, java.lang.String, java.lang.String)[pri:0, instance:com.heika.test.verify.cases.API.TestSearchUser@6276ae34]" name="init" is-config="true" duration-ms="409" started-at="2015-11-03T18:05:41Z" finished-at="2015-11-03T18:05:42Z">
          <params>
            <param index="0">
              <value>
                <![CDATA[http://172.16.2.38:15081/]]>
              </value>
            </param>
            <param index="1">
              <value>
                <![CDATA[admin@renrendai.com]]>
              </value>
            </param>
            <param index="2">
              <value>
                <![CDATA[bH7Qsd8kPfEE2zdTwgZUVF2iYv5kVtBGAyWBzZjk50S2uaWgVMLtbAtTgIpu0D85X3VgFie%2F3W4HCHY088%2BCAVEO8PyW0nq57id29Aw5Mm0PA5KEf6Z18roUeGDfsTF0G5ifCwPRfC4P%2Bu0E7YUEEAikWHgevfqSYGtKub0uQvA%3D]]>
              </value>
            </param>
            <param index="3">
              <value>
                <![CDATA[jdbc:mysql://172.16.2.38:3306/heika_new]]>
              </value>
            </param>
            <param index="4">
              <value>
                <![CDATA[heika_dev]]>
              </value>
            </param>
            <param index="5">
              <value>
                <![CDATA[heika_dev@qwe321]]>
              </value>
            </param>
          </params>
          <reporter-output>
          </reporter-output>
        </test-method> <!-- init -->
        <test-method status="PASS" signature="searchUser_by_pageNum(int)[pri:0, instance:com.heika.test.verify.cases.API.TestSearchUser@6276ae34]" name="searchUser_by_pageNum" duration-ms="852" started-at="2015-11-03T18:05:42Z" description="审核后台，用户查询的接口测试，根据pageSize获取相应的用户信息" data-provider="pageSize" finished-at="2015-11-03T18:05:43Z">
          <params>
            <param index="0">
              <value>
                <![CDATA[10]]>
              </value>
            </param>
          </params>
          <reporter-output>
            <line>
              <![CDATA[The element count for page num 1, page size 10
]]>
            </line>
            <line>
              <![CDATA[The element count for page num 2, page size 10
]]>
            </line>
            <line>
              <![CDATA[The element count for page num 3, page size 10
]]>
            </line>
            <line>
              <![CDATA[The element count for page num 4, page size 10
]]>
            </line>
            <line>
              <![CDATA[The element count for page num 5, page size 10
]]>
            </line>
            <line>
              <![CDATA[The element count for page num 6, page size 10
]]>
            </line>
            <line>
              <![CDATA[The element count for page num 7, page size 10
]]>
            </line>
            <line>
              <![CDATA[The element count for page num 8, page size 10
]]>
            </line>
            <line>
              <![CDATA[The element count for page num 9, page size 10
]]>
            </line>
            <line>
              <![CDATA[The element count for page num 10, page size 10
]]>
            </line>
            <line>
              <![CDATA[The element count for page num 11, page size 10
]]>
            </line>
            <line>
              <![CDATA[The element count for page num 12, page size 10
]]>
            </line>
            <line>
              <![CDATA[The element count for page num 13, page size 10
]]>
            </line>
            <line>
              <![CDATA[The element count for page num 14, page size 10
]]>
            </line>
            <line>
              <![CDATA[The element count for page num 15, page size 10
]]>
            </line>
            <line>
              <![CDATA[The element count for page num 16, page size 10
]]>
            </line>
            <line>
              <![CDATA[The element count for page num 17, page size 10
]]>
            </line>
            <line>
              <![CDATA[The element count for page num 18, page size 10
]]>
            </line>
            <line>
              <![CDATA[The element count for page num 19, page size 10
]]>
            </line>
            <line>
              <![CDATA[The element count for page num 20, page size 10
]]>
            </line>
            <line>
              <![CDATA[The element count for page num 21, page size 10
]]>
            </line>
            <line>
              <![CDATA[The element count for page num 22, page size 10
]]>
            </line>
            <line>
              <![CDATA[The element count for page num 23, page size 10
]]>
            </line>
            <line>
              <![CDATA[The element count for page num 24, page size 10
]]>
            </line>
            <line>
              <![CDATA[The element count for page num 25, page size 10
]]>
            </line>
            <line>
              <![CDATA[The element count for page num 26, page size 10
]]>
            </line>
            <line>
              <![CDATA[The element count for page num 27, page size 10
]]>
            </line>
            <line>
              <![CDATA[The element count for page num 28, page size 10
]]>
            </line>
            <line>
              <![CDATA[The element count for page num 29, page size 10
]]>
            </line>
          </reporter-output>
        </test-method> <!-- searchUser_by_pageNum -->
        <test-method status="PASS" signature="searchUser_by_pageNum(int)[pri:0, instance:com.heika.test.verify.cases.API.TestSearchUser@6276ae34]" name="searchUser_by_pageNum" duration-ms="478" started-at="2015-11-03T18:05:43Z" description="审核后台，用户查询的接口测试，根据pageSize获取相应的用户信息" data-provider="pageSize" finished-at="2015-11-03T18:05:43Z">
          <params>
            <param index="0">
              <value>
                <![CDATA[20]]>
              </value>
            </param>
          </params>
          <reporter-output>
            <line>
              <![CDATA[The element count for page num 1, page size 20
]]>
            </line>
            <line>
              <![CDATA[The element count for page num 2, page size 20
]]>
            </line>
            <line>
              <![CDATA[The element count for page num 3, page size 20
]]>
            </line>
            <line>
              <![CDATA[The element count for page num 4, page size 20
]]>
            </line>
            <line>
              <![CDATA[The element count for page num 5, page size 20
]]>
            </line>
            <line>
              <![CDATA[The element count for page num 6, page size 20
]]>
            </line>
            <line>
              <![CDATA[The element count for page num 7, page size 20
]]>
            </line>
            <line>
              <![CDATA[The element count for page num 8, page size 20
]]>
            </line>
            <line>
              <![CDATA[The element count for page num 9, page size 20
]]>
            </line>
            <line>
              <![CDATA[The element count for page num 10, page size 20
]]>
            </line>
            <line>
              <![CDATA[The element count for page num 11, page size 20
]]>
            </line>
            <line>
              <![CDATA[The element count for page num 12, page size 20
]]>
            </line>
            <line>
              <![CDATA[The element count for page num 13, page size 20
]]>
            </line>
            <line>
              <![CDATA[The element count for page num 14, page size 20
]]>
            </line>
            <line>
              <![CDATA[The element count for page num 15, page size 20
]]>
            </line>
          </reporter-output>
        </test-method> <!-- searchUser_by_pageNum -->
        <test-method status="PASS" signature="searchUser_by_pageNum(int)[pri:0, instance:com.heika.test.verify.cases.API.TestSearchUser@6276ae34]" name="searchUser_by_pageNum" duration-ms="398" started-at="2015-11-03T18:05:43Z" description="审核后台，用户查询的接口测试，根据pageSize获取相应的用户信息" data-provider="pageSize" finished-at="2015-11-03T18:05:44Z">
          <params>
            <param index="0">
              <value>
                <![CDATA[50]]>
              </value>
            </param>
          </params>
          <reporter-output>
            <line>
              <![CDATA[The element count for page num 1, page size 50
]]>
            </line>
            <line>
              <![CDATA[The element count for page num 2, page size 50
]]>
            </line>
            <line>
              <![CDATA[The element count for page num 3, page size 50
]]>
            </line>
            <line>
              <![CDATA[The element count for page num 4, page size 50
]]>
            </line>
            <line>
              <![CDATA[The element count for page num 5, page size 50
]]>
            </line>
            <line>
              <![CDATA[The element count for page num 6, page size 50
]]>
            </line>
          </reporter-output>
        </test-method> <!-- searchUser_by_pageNum -->
        <test-method status="PASS" signature="searchUser_by_pageNum(int)[pri:0, instance:com.heika.test.verify.cases.API.TestSearchUser@6276ae34]" name="searchUser_by_pageNum" duration-ms="393" started-at="2015-11-03T18:05:44Z" description="审核后台，用户查询的接口测试，根据pageSize获取相应的用户信息" data-provider="pageSize" finished-at="2015-11-03T18:05:44Z">
          <params>
            <param index="0">
              <value>
                <![CDATA[100]]>
              </value>
            </param>
          </params>
          <reporter-output>
            <line>
              <![CDATA[The element count for page num 1, page size 100
]]>
            </line>
            <line>
              <![CDATA[The element count for page num 2, page size 100
]]>
            </line>
            <line>
              <![CDATA[The element count for page num 3, page size 100
]]>
            </line>
          </reporter-output>
        </test-method> <!-- searchUser_by_pageNum -->
        <test-method status="PASS" signature="searchUser_by_pageNum(int)[pri:0, instance:com.heika.test.verify.cases.API.TestSearchUser@6276ae34]" name="searchUser_by_pageNum" duration-ms="459" started-at="2015-11-03T18:05:44Z" description="审核后台，用户查询的接口测试，根据pageSize获取相应的用户信息" data-provider="pageSize" finished-at="2015-11-03T18:05:44Z">
          <params>
            <param index="0">
              <value>
                <![CDATA[200]]>
              </value>
            </param>
          </params>
          <reporter-output>
            <line>
              <![CDATA[The element count for page num 1, page size 200
]]>
            </line>
            <line>
              <![CDATA[The element count for page num 2, page size 200
]]>
            </line>
          </reporter-output>
        </test-method> <!-- searchUser_by_pageNum -->
        <test-method status="PASS" signature="searchUser_by_verifyStatus(java.lang.String, java.lang.String, java.lang.String)[pri:0, instance:com.heika.test.verify.cases.API.TestSearchUser@6276ae34]" name="searchUser_by_verifyStatus" duration-ms="752" started-at="2015-11-03T18:05:44Z" description="审核后台，按照type、key与verifyStatus进行用户信息的查询" data-provider="verifyStatus" finished-at="2015-11-03T18:05:45Z">
          <params>
            <param index="0">
              <value>
                <![CDATA[]]>
              </value>
            </param>
            <param index="1">
              <value>
                <![CDATA[]]>
              </value>
            </param>
            <param index="2">
              <value>
                <![CDATA[UNCOMMIT]]>
              </value>
            </param>
          </params>
          <reporter-output>
            <line>
              <![CDATA[Sending request with following params: pageNum=1&pageSize=999&type=&key=&verifyStatuses=UNCOMMIT]]>
            </line>
          </reporter-output>
        </test-method> <!-- searchUser_by_verifyStatus -->
        <test-method status="PASS" signature="searchUser_by_verifyStatus(java.lang.String, java.lang.String, java.lang.String)[pri:0, instance:com.heika.test.verify.cases.API.TestSearchUser@6276ae34]" name="searchUser_by_verifyStatus" duration-ms="18" started-at="2015-11-03T18:05:45Z" description="审核后台，按照type、key与verifyStatus进行用户信息的查询" data-provider="verifyStatus" finished-at="2015-11-03T18:05:45Z">
          <params>
            <param index="0">
              <value>
                <![CDATA[]]>
              </value>
            </param>
            <param index="1">
              <value>
                <![CDATA[]]>
              </value>
            </param>
            <param index="2">
              <value>
                <![CDATA[INQUIREING]]>
              </value>
            </param>
          </params>
          <reporter-output>
            <line>
              <![CDATA[Sending request with following params: pageNum=1&pageSize=999&type=&key=&verifyStatuses=INQUIREING]]>
            </line>
          </reporter-output>
        </test-method> <!-- searchUser_by_verifyStatus -->
        <test-method status="PASS" signature="searchUser_by_verifyStatus(java.lang.String, java.lang.String, java.lang.String)[pri:0, instance:com.heika.test.verify.cases.API.TestSearchUser@6276ae34]" name="searchUser_by_verifyStatus" duration-ms="109" started-at="2015-11-03T18:05:45Z" description="审核后台，按照type、key与verifyStatus进行用户信息的查询" data-provider="verifyStatus" finished-at="2015-11-03T18:05:45Z">
          <params>
            <param index="0">
              <value>
                <![CDATA[]]>
              </value>
            </param>
            <param index="1">
              <value>
                <![CDATA[]]>
              </value>
            </param>
            <param index="2">
              <value>
                <![CDATA[VERIFY_FAIL]]>
              </value>
            </param>
          </params>
          <reporter-output>
            <line>
              <![CDATA[Sending request with following params: pageNum=1&pageSize=999&type=&key=&verifyStatuses=VERIFY_FAIL]]>
            </line>
          </reporter-output>
        </test-method> <!-- searchUser_by_verifyStatus -->
        <test-method status="PASS" signature="searchUser_by_verifyStatus(java.lang.String, java.lang.String, java.lang.String)[pri:0, instance:com.heika.test.verify.cases.API.TestSearchUser@6276ae34]" name="searchUser_by_verifyStatus" duration-ms="40" started-at="2015-11-03T18:05:45Z" description="审核后台，按照type、key与verifyStatus进行用户信息的查询" data-provider="verifyStatus" finished-at="2015-11-03T18:05:45Z">
          <params>
            <param index="0">
              <value>
                <![CDATA[]]>
              </value>
            </param>
            <param index="1">
              <value>
                <![CDATA[]]>
              </value>
            </param>
            <param index="2">
              <value>
                <![CDATA[INQUIRE_SUCCESS]]>
              </value>
            </param>
          </params>
          <reporter-output>
            <line>
              <![CDATA[Sending request with following params: pageNum=1&pageSize=999&type=&key=&verifyStatuses=INQUIRE_SUCCESS]]>
            </line>
          </reporter-output>
        </test-method> <!-- searchUser_by_verifyStatus -->
        <test-method status="PASS" signature="searchUser_by_verifyStatus(java.lang.String, java.lang.String, java.lang.String)[pri:0, instance:com.heika.test.verify.cases.API.TestSearchUser@6276ae34]" name="searchUser_by_verifyStatus" duration-ms="37" started-at="2015-11-03T18:05:45Z" description="审核后台，按照type、key与verifyStatus进行用户信息的查询" data-provider="verifyStatus" finished-at="2015-11-03T18:05:45Z">
          <params>
            <param index="0">
              <value>
                <![CDATA[]]>
              </value>
            </param>
            <param index="1">
              <value>
                <![CDATA[]]>
              </value>
            </param>
            <param index="2">
              <value>
                <![CDATA[FIRST_SEND_BACK]]>
              </value>
            </param>
          </params>
          <reporter-output>
            <line>
              <![CDATA[Sending request with following params: pageNum=1&pageSize=999&type=&key=&verifyStatuses=FIRST_SEND_BACK]]>
            </line>
          </reporter-output>
        </test-method> <!-- searchUser_by_verifyStatus -->
        <test-method status="PASS" signature="searchUser_by_verifyStatus(java.lang.String, java.lang.String, java.lang.String)[pri:0, instance:com.heika.test.verify.cases.API.TestSearchUser@6276ae34]" name="searchUser_by_verifyStatus" duration-ms="35" started-at="2015-11-03T18:05:45Z" description="审核后台，按照type、key与verifyStatus进行用户信息的查询" data-provider="verifyStatus" finished-at="2015-11-03T18:05:45Z">
          <params>
            <param index="0">
              <value>
                <![CDATA[]]>
              </value>
            </param>
            <param index="1">
              <value>
                <![CDATA[]]>
              </value>
            </param>
            <param index="2">
              <value>
                <![CDATA[FIRST_VERIFY_SUCCESS]]>
              </value>
            </param>
          </params>
          <reporter-output>
            <line>
              <![CDATA[Sending request with following params: pageNum=1&pageSize=999&type=&key=&verifyStatuses=FIRST_VERIFY_SUCCESS]]>
            </line>
          </reporter-output>
        </test-method> <!-- searchUser_by_verifyStatus -->
        <test-method status="PASS" signature="searchUser_by_verifyStatus(java.lang.String, java.lang.String, java.lang.String)[pri:0, instance:com.heika.test.verify.cases.API.TestSearchUser@6276ae34]" name="searchUser_by_verifyStatus" duration-ms="14" started-at="2015-11-03T18:05:45Z" description="审核后台，按照type、key与verifyStatus进行用户信息的查询" data-provider="verifyStatus" finished-at="2015-11-03T18:05:45Z">
          <params>
            <param index="0">
              <value>
                <![CDATA[]]>
              </value>
            </param>
            <param index="1">
              <value>
                <![CDATA[]]>
              </value>
            </param>
            <param index="2">
              <value>
                <![CDATA[SECOND_SEND_BACK]]>
              </value>
            </param>
          </params>
          <reporter-output>
            <line>
              <![CDATA[Sending request with following params: pageNum=1&pageSize=999&type=&key=&verifyStatuses=SECOND_SEND_BACK]]>
            </line>
          </reporter-output>
        </test-method> <!-- searchUser_by_verifyStatus -->
        <test-method status="PASS" signature="searchUser_by_verifyStatus(java.lang.String, java.lang.String, java.lang.String)[pri:0, instance:com.heika.test.verify.cases.API.TestSearchUser@6276ae34]" name="searchUser_by_verifyStatus" duration-ms="107" started-at="2015-11-03T18:05:45Z" description="审核后台，按照type、key与verifyStatus进行用户信息的查询" data-provider="verifyStatus" finished-at="2015-11-03T18:05:46Z">
          <params>
            <param index="0">
              <value>
                <![CDATA[]]>
              </value>
            </param>
            <param index="1">
              <value>
                <![CDATA[]]>
              </value>
            </param>
            <param index="2">
              <value>
                <![CDATA[VERIFY_REJECT]]>
              </value>
            </param>
          </params>
          <reporter-output>
            <line>
              <![CDATA[Sending request with following params: pageNum=1&pageSize=999&type=&key=&verifyStatuses=VERIFY_REJECT]]>
            </line>
          </reporter-output>
        </test-method> <!-- searchUser_by_verifyStatus -->
        <test-method status="PASS" signature="searchUser_by_verifyStatus(java.lang.String, java.lang.String, java.lang.String)[pri:0, instance:com.heika.test.verify.cases.API.TestSearchUser@6276ae34]" name="searchUser_by_verifyStatus" duration-ms="312" started-at="2015-11-03T18:05:46Z" description="审核后台，按照type、key与verifyStatus进行用户信息的查询" data-provider="verifyStatus" finished-at="2015-11-03T18:05:46Z">
          <params>
            <param index="0">
              <value>
                <![CDATA[]]>
              </value>
            </param>
            <param index="1">
              <value>
                <![CDATA[]]>
              </value>
            </param>
            <param index="2">
              <value>
                <![CDATA[VERIFY_SUCCESS]]>
              </value>
            </param>
          </params>
          <reporter-output>
            <line>
              <![CDATA[Sending request with following params: pageNum=1&pageSize=999&type=&key=&verifyStatuses=VERIFY_SUCCESS]]>
            </line>
          </reporter-output>
        </test-method> <!-- searchUser_by_verifyStatus -->
        <test-method status="PASS" signature="searchUser_by_verifyStatus(java.lang.String, java.lang.String, java.lang.String)[pri:0, instance:com.heika.test.verify.cases.API.TestSearchUser@6276ae34]" name="searchUser_by_verifyStatus" duration-ms="568" started-at="2015-11-03T18:05:46Z" description="审核后台，按照type、key与verifyStatus进行用户信息的查询" data-provider="verifyStatus" finished-at="2015-11-03T18:05:46Z">
          <params>
            <param index="0">
              <value>
                <![CDATA[NICKNAME]]>
              </value>
            </param>
            <param index="1">
              <value>
                <![CDATA[]]>
              </value>
            </param>
            <param index="2">
              <value>
                <![CDATA[UNCOMMIT]]>
              </value>
            </param>
          </params>
          <reporter-output>
            <line>
              <![CDATA[Sending request with following params: pageNum=1&pageSize=999&type=NICKNAME&key=&verifyStatuses=UNCOMMIT]]>
            </line>
          </reporter-output>
        </test-method> <!-- searchUser_by_verifyStatus -->
        <test-method status="PASS" signature="searchUser_by_verifyStatus(java.lang.String, java.lang.String, java.lang.String)[pri:0, instance:com.heika.test.verify.cases.API.TestSearchUser@6276ae34]" name="searchUser_by_verifyStatus" duration-ms="601" started-at="2015-11-03T18:05:46Z" description="审核后台，按照type、key与verifyStatus进行用户信息的查询" data-provider="verifyStatus" finished-at="2015-11-03T18:05:47Z">
          <params>
            <param index="0">
              <value>
                <![CDATA[MOBILE]]>
              </value>
            </param>
            <param index="1">
              <value>
                <![CDATA[]]>
              </value>
            </param>
            <param index="2">
              <value>
                <![CDATA[UNCOMMIT]]>
              </value>
            </param>
          </params>
          <reporter-output>
            <line>
              <![CDATA[Sending request with following params: pageNum=1&pageSize=999&type=MOBILE&key=&verifyStatuses=UNCOMMIT]]>
            </line>
          </reporter-output>
        </test-method> <!-- searchUser_by_verifyStatus -->
        <test-method status="PASS" signature="searchUser_by_verifyStatus(java.lang.String, java.lang.String, java.lang.String)[pri:0, instance:com.heika.test.verify.cases.API.TestSearchUser@6276ae34]" name="searchUser_by_verifyStatus" duration-ms="597" started-at="2015-11-03T18:05:47Z" description="审核后台，按照type、key与verifyStatus进行用户信息的查询" data-provider="verifyStatus" finished-at="2015-11-03T18:05:48Z">
          <params>
            <param index="0">
              <value>
                <![CDATA[IDCARD]]>
              </value>
            </param>
            <param index="1">
              <value>
                <![CDATA[]]>
              </value>
            </param>
            <param index="2">
              <value>
                <![CDATA[UNCOMMIT]]>
              </value>
            </param>
          </params>
          <reporter-output>
            <line>
              <![CDATA[Sending request with following params: pageNum=1&pageSize=999&type=IDCARD&key=&verifyStatuses=UNCOMMIT]]>
            </line>
          </reporter-output>
        </test-method> <!-- searchUser_by_verifyStatus -->
        <test-method status="PASS" signature="searchUser_by_verifyStatus(java.lang.String, java.lang.String, java.lang.String)[pri:0, instance:com.heika.test.verify.cases.API.TestSearchUser@6276ae34]" name="searchUser_by_verifyStatus" duration-ms="575" started-at="2015-11-03T18:05:48Z" description="审核后台，按照type、key与verifyStatus进行用户信息的查询" data-provider="verifyStatus" finished-at="2015-11-03T18:05:48Z">
          <params>
            <param index="0">
              <value>
                <![CDATA[USERNAME]]>
              </value>
            </param>
            <param index="1">
              <value>
                <![CDATA[]]>
              </value>
            </param>
            <param index="2">
              <value>
                <![CDATA[UNCOMMIT]]>
              </value>
            </param>
          </params>
          <reporter-output>
            <line>
              <![CDATA[Sending request with following params: pageNum=1&pageSize=999&type=USERNAME&key=&verifyStatuses=UNCOMMIT]]>
            </line>
          </reporter-output>
        </test-method> <!-- searchUser_by_verifyStatus -->
        <test-method status="PASS" signature="searchUser_by_verifyStatus(java.lang.String, java.lang.String, java.lang.String)[pri:0, instance:com.heika.test.verify.cases.API.TestSearchUser@6276ae34]" name="searchUser_by_verifyStatus" duration-ms="15" started-at="2015-11-03T18:05:48Z" description="审核后台，按照type、key与verifyStatus进行用户信息的查询" data-provider="verifyStatus" finished-at="2015-11-03T18:05:48Z">
          <params>
            <param index="0">
              <value>
                <![CDATA[NICKNAME]]>
              </value>
            </param>
            <param index="1">
              <value>
                <![CDATA[]]>
              </value>
            </param>
            <param index="2">
              <value>
                <![CDATA[INQUIREING]]>
              </value>
            </param>
          </params>
          <reporter-output>
            <line>
              <![CDATA[Sending request with following params: pageNum=1&pageSize=999&type=NICKNAME&key=&verifyStatuses=INQUIREING]]>
            </line>
          </reporter-output>
        </test-method> <!-- searchUser_by_verifyStatus -->
        <test-method status="PASS" signature="searchUser_by_verifyStatus(java.lang.String, java.lang.String, java.lang.String)[pri:0, instance:com.heika.test.verify.cases.API.TestSearchUser@6276ae34]" name="searchUser_by_verifyStatus" duration-ms="13" started-at="2015-11-03T18:05:48Z" description="审核后台，按照type、key与verifyStatus进行用户信息的查询" data-provider="verifyStatus" finished-at="2015-11-03T18:05:48Z">
          <params>
            <param index="0">
              <value>
                <![CDATA[MOBILE]]>
              </value>
            </param>
            <param index="1">
              <value>
                <![CDATA[]]>
              </value>
            </param>
            <param index="2">
              <value>
                <![CDATA[INQUIREING]]>
              </value>
            </param>
          </params>
          <reporter-output>
            <line>
              <![CDATA[Sending request with following params: pageNum=1&pageSize=999&type=MOBILE&key=&verifyStatuses=INQUIREING]]>
            </line>
          </reporter-output>
        </test-method> <!-- searchUser_by_verifyStatus -->
        <test-method status="PASS" signature="searchUser_by_verifyStatus(java.lang.String, java.lang.String, java.lang.String)[pri:0, instance:com.heika.test.verify.cases.API.TestSearchUser@6276ae34]" name="searchUser_by_verifyStatus" duration-ms="14" started-at="2015-11-03T18:05:48Z" description="审核后台，按照type、key与verifyStatus进行用户信息的查询" data-provider="verifyStatus" finished-at="2015-11-03T18:05:48Z">
          <params>
            <param index="0">
              <value>
                <![CDATA[IDCARD]]>
              </value>
            </param>
            <param index="1">
              <value>
                <![CDATA[]]>
              </value>
            </param>
            <param index="2">
              <value>
                <![CDATA[INQUIREING]]>
              </value>
            </param>
          </params>
          <reporter-output>
            <line>
              <![CDATA[Sending request with following params: pageNum=1&pageSize=999&type=IDCARD&key=&verifyStatuses=INQUIREING]]>
            </line>
          </reporter-output>
        </test-method> <!-- searchUser_by_verifyStatus -->
        <test-method status="PASS" signature="searchUser_by_verifyStatus(java.lang.String, java.lang.String, java.lang.String)[pri:0, instance:com.heika.test.verify.cases.API.TestSearchUser@6276ae34]" name="searchUser_by_verifyStatus" duration-ms="12" started-at="2015-11-03T18:05:48Z" description="审核后台，按照type、key与verifyStatus进行用户信息的查询" data-provider="verifyStatus" finished-at="2015-11-03T18:05:48Z">
          <params>
            <param index="0">
              <value>
                <![CDATA[USERNAME]]>
              </value>
            </param>
            <param index="1">
              <value>
                <![CDATA[]]>
              </value>
            </param>
            <param index="2">
              <value>
                <![CDATA[INQUIREING]]>
              </value>
            </param>
          </params>
          <reporter-output>
            <line>
              <![CDATA[Sending request with following params: pageNum=1&pageSize=999&type=USERNAME&key=&verifyStatuses=INQUIREING]]>
            </line>
          </reporter-output>
        </test-method> <!-- searchUser_by_verifyStatus -->
        <test-method status="PASS" signature="searchUser_by_verifyStatus(java.lang.String, java.lang.String, java.lang.String)[pri:0, instance:com.heika.test.verify.cases.API.TestSearchUser@6276ae34]" name="searchUser_by_verifyStatus" duration-ms="91" started-at="2015-11-03T18:05:48Z" description="审核后台，按照type、key与verifyStatus进行用户信息的查询" data-provider="verifyStatus" finished-at="2015-11-03T18:05:48Z">
          <params>
            <param index="0">
              <value>
                <![CDATA[NICKNAME]]>
              </value>
            </param>
            <param index="1">
              <value>
                <![CDATA[]]>
              </value>
            </param>
            <param index="2">
              <value>
                <![CDATA[VERIFY_FAIL]]>
              </value>
            </param>
          </params>
          <reporter-output>
            <line>
              <![CDATA[Sending request with following params: pageNum=1&pageSize=999&type=NICKNAME&key=&verifyStatuses=VERIFY_FAIL]]>
            </line>
          </reporter-output>
        </test-method> <!-- searchUser_by_verifyStatus -->
        <test-method status="PASS" signature="searchUser_by_verifyStatus(java.lang.String, java.lang.String, java.lang.String)[pri:0, instance:com.heika.test.verify.cases.API.TestSearchUser@6276ae34]" name="searchUser_by_verifyStatus" duration-ms="91" started-at="2015-11-03T18:05:48Z" description="审核后台，按照type、key与verifyStatus进行用户信息的查询" data-provider="verifyStatus" finished-at="2015-11-03T18:05:48Z">
          <params>
            <param index="0">
              <value>
                <![CDATA[MOBILE]]>
              </value>
            </param>
            <param index="1">
              <value>
                <![CDATA[]]>
              </value>
            </param>
            <param index="2">
              <value>
                <![CDATA[VERIFY_FAIL]]>
              </value>
            </param>
          </params>
          <reporter-output>
            <line>
              <![CDATA[Sending request with following params: pageNum=1&pageSize=999&type=MOBILE&key=&verifyStatuses=VERIFY_FAIL]]>
            </line>
          </reporter-output>
        </test-method> <!-- searchUser_by_verifyStatus -->
        <test-method status="PASS" signature="searchUser_by_verifyStatus(java.lang.String, java.lang.String, java.lang.String)[pri:0, instance:com.heika.test.verify.cases.API.TestSearchUser@6276ae34]" name="searchUser_by_verifyStatus" duration-ms="90" started-at="2015-11-03T18:05:48Z" description="审核后台，按照type、key与verifyStatus进行用户信息的查询" data-provider="verifyStatus" finished-at="2015-11-03T18:05:49Z">
          <params>
            <param index="0">
              <value>
                <![CDATA[IDCARD]]>
              </value>
            </param>
            <param index="1">
              <value>
                <![CDATA[]]>
              </value>
            </param>
            <param index="2">
              <value>
                <![CDATA[VERIFY_FAIL]]>
              </value>
            </param>
          </params>
          <reporter-output>
            <line>
              <![CDATA[Sending request with following params: pageNum=1&pageSize=999&type=IDCARD&key=&verifyStatuses=VERIFY_FAIL]]>
            </line>
          </reporter-output>
        </test-method> <!-- searchUser_by_verifyStatus -->
        <test-method status="PASS" signature="searchUser_by_verifyStatus(java.lang.String, java.lang.String, java.lang.String)[pri:0, instance:com.heika.test.verify.cases.API.TestSearchUser@6276ae34]" name="searchUser_by_verifyStatus" duration-ms="91" started-at="2015-11-03T18:05:49Z" description="审核后台，按照type、key与verifyStatus进行用户信息的查询" data-provider="verifyStatus" finished-at="2015-11-03T18:05:49Z">
          <params>
            <param index="0">
              <value>
                <![CDATA[USERNAME]]>
              </value>
            </param>
            <param index="1">
              <value>
                <![CDATA[]]>
              </value>
            </param>
            <param index="2">
              <value>
                <![CDATA[VERIFY_FAIL]]>
              </value>
            </param>
          </params>
          <reporter-output>
            <line>
              <![CDATA[Sending request with following params: pageNum=1&pageSize=999&type=USERNAME&key=&verifyStatuses=VERIFY_FAIL]]>
            </line>
          </reporter-output>
        </test-method> <!-- searchUser_by_verifyStatus -->
        <test-method status="PASS" signature="searchUser_by_verifyStatus(java.lang.String, java.lang.String, java.lang.String)[pri:0, instance:com.heika.test.verify.cases.API.TestSearchUser@6276ae34]" name="searchUser_by_verifyStatus" duration-ms="38" started-at="2015-11-03T18:05:49Z" description="审核后台，按照type、key与verifyStatus进行用户信息的查询" data-provider="verifyStatus" finished-at="2015-11-03T18:05:49Z">
          <params>
            <param index="0">
              <value>
                <![CDATA[NICKNAME]]>
              </value>
            </param>
            <param index="1">
              <value>
                <![CDATA[]]>
              </value>
            </param>
            <param index="2">
              <value>
                <![CDATA[INQUIRE_SUCCESS]]>
              </value>
            </param>
          </params>
          <reporter-output>
            <line>
              <![CDATA[Sending request with following params: pageNum=1&pageSize=999&type=NICKNAME&key=&verifyStatuses=INQUIRE_SUCCESS]]>
            </line>
          </reporter-output>
        </test-method> <!-- searchUser_by_verifyStatus -->
        <test-method status="PASS" signature="searchUser_by_verifyStatus(java.lang.String, java.lang.String, java.lang.String)[pri:0, instance:com.heika.test.verify.cases.API.TestSearchUser@6276ae34]" name="searchUser_by_verifyStatus" duration-ms="36" started-at="2015-11-03T18:05:49Z" description="审核后台，按照type、key与verifyStatus进行用户信息的查询" data-provider="verifyStatus" finished-at="2015-11-03T18:05:49Z">
          <params>
            <param index="0">
              <value>
                <![CDATA[MOBILE]]>
              </value>
            </param>
            <param index="1">
              <value>
                <![CDATA[]]>
              </value>
            </param>
            <param index="2">
              <value>
                <![CDATA[INQUIRE_SUCCESS]]>
              </value>
            </param>
          </params>
          <reporter-output>
            <line>
              <![CDATA[Sending request with following params: pageNum=1&pageSize=999&type=MOBILE&key=&verifyStatuses=INQUIRE_SUCCESS]]>
            </line>
          </reporter-output>
        </test-method> <!-- searchUser_by_verifyStatus -->
        <test-method status="PASS" signature="searchUser_by_verifyStatus(java.lang.String, java.lang.String, java.lang.String)[pri:0, instance:com.heika.test.verify.cases.API.TestSearchUser@6276ae34]" name="searchUser_by_verifyStatus" duration-ms="35" started-at="2015-11-03T18:05:49Z" description="审核后台，按照type、key与verifyStatus进行用户信息的查询" data-provider="verifyStatus" finished-at="2015-11-03T18:05:49Z">
          <params>
            <param index="0">
              <value>
                <![CDATA[IDCARD]]>
              </value>
            </param>
            <param index="1">
              <value>
                <![CDATA[]]>
              </value>
            </param>
            <param index="2">
              <value>
                <![CDATA[INQUIRE_SUCCESS]]>
              </value>
            </param>
          </params>
          <reporter-output>
            <line>
              <![CDATA[Sending request with following params: pageNum=1&pageSize=999&type=IDCARD&key=&verifyStatuses=INQUIRE_SUCCESS]]>
            </line>
          </reporter-output>
        </test-method> <!-- searchUser_by_verifyStatus -->
        <test-method status="PASS" signature="searchUser_by_verifyStatus(java.lang.String, java.lang.String, java.lang.String)[pri:0, instance:com.heika.test.verify.cases.API.TestSearchUser@6276ae34]" name="searchUser_by_verifyStatus" duration-ms="35" started-at="2015-11-03T18:05:49Z" description="审核后台，按照type、key与verifyStatus进行用户信息的查询" data-provider="verifyStatus" finished-at="2015-11-03T18:05:49Z">
          <params>
            <param index="0">
              <value>
                <![CDATA[USERNAME]]>
              </value>
            </param>
            <param index="1">
              <value>
                <![CDATA[]]>
              </value>
            </param>
            <param index="2">
              <value>
                <![CDATA[INQUIRE_SUCCESS]]>
              </value>
            </param>
          </params>
          <reporter-output>
            <line>
              <![CDATA[Sending request with following params: pageNum=1&pageSize=999&type=USERNAME&key=&verifyStatuses=INQUIRE_SUCCESS]]>
            </line>
          </reporter-output>
        </test-method> <!-- searchUser_by_verifyStatus -->
        <test-method status="PASS" signature="searchUser_by_verifyStatus(java.lang.String, java.lang.String, java.lang.String)[pri:0, instance:com.heika.test.verify.cases.API.TestSearchUser@6276ae34]" name="searchUser_by_verifyStatus" duration-ms="32" started-at="2015-11-03T18:05:49Z" description="审核后台，按照type、key与verifyStatus进行用户信息的查询" data-provider="verifyStatus" finished-at="2015-11-03T18:05:49Z">
          <params>
            <param index="0">
              <value>
                <![CDATA[NICKNAME]]>
              </value>
            </param>
            <param index="1">
              <value>
                <![CDATA[]]>
              </value>
            </param>
            <param index="2">
              <value>
                <![CDATA[FIRST_SEND_BACK]]>
              </value>
            </param>
          </params>
          <reporter-output>
            <line>
              <![CDATA[Sending request with following params: pageNum=1&pageSize=999&type=NICKNAME&key=&verifyStatuses=FIRST_SEND_BACK]]>
            </line>
          </reporter-output>
        </test-method> <!-- searchUser_by_verifyStatus -->
        <test-method status="PASS" signature="searchUser_by_verifyStatus(java.lang.String, java.lang.String, java.lang.String)[pri:0, instance:com.heika.test.verify.cases.API.TestSearchUser@6276ae34]" name="searchUser_by_verifyStatus" duration-ms="33" started-at="2015-11-03T18:05:49Z" description="审核后台，按照type、key与verifyStatus进行用户信息的查询" data-provider="verifyStatus" finished-at="2015-11-03T18:05:49Z">
          <params>
            <param index="0">
              <value>
                <![CDATA[MOBILE]]>
              </value>
            </param>
            <param index="1">
              <value>
                <![CDATA[]]>
              </value>
            </param>
            <param index="2">
              <value>
                <![CDATA[FIRST_SEND_BACK]]>
              </value>
            </param>
          </params>
          <reporter-output>
            <line>
              <![CDATA[Sending request with following params: pageNum=1&pageSize=999&type=MOBILE&key=&verifyStatuses=FIRST_SEND_BACK]]>
            </line>
          </reporter-output>
        </test-method> <!-- searchUser_by_verifyStatus -->
        <test-method status="PASS" signature="searchUser_by_verifyStatus(java.lang.String, java.lang.String, java.lang.String)[pri:0, instance:com.heika.test.verify.cases.API.TestSearchUser@6276ae34]" name="searchUser_by_verifyStatus" duration-ms="36" started-at="2015-11-03T18:05:49Z" description="审核后台，按照type、key与verifyStatus进行用户信息的查询" data-provider="verifyStatus" finished-at="2015-11-03T18:05:49Z">
          <params>
            <param index="0">
              <value>
                <![CDATA[IDCARD]]>
              </value>
            </param>
            <param index="1">
              <value>
                <![CDATA[]]>
              </value>
            </param>
            <param index="2">
              <value>
                <![CDATA[FIRST_SEND_BACK]]>
              </value>
            </param>
          </params>
          <reporter-output>
            <line>
              <![CDATA[Sending request with following params: pageNum=1&pageSize=999&type=IDCARD&key=&verifyStatuses=FIRST_SEND_BACK]]>
            </line>
          </reporter-output>
        </test-method> <!-- searchUser_by_verifyStatus -->
        <test-method status="PASS" signature="searchUser_by_verifyStatus(java.lang.String, java.lang.String, java.lang.String)[pri:0, instance:com.heika.test.verify.cases.API.TestSearchUser@6276ae34]" name="searchUser_by_verifyStatus" duration-ms="33" started-at="2015-11-03T18:05:49Z" description="审核后台，按照type、key与verifyStatus进行用户信息的查询" data-provider="verifyStatus" finished-at="2015-11-03T18:05:49Z">
          <params>
            <param index="0">
              <value>
                <![CDATA[USERNAME]]>
              </value>
            </param>
            <param index="1">
              <value>
                <![CDATA[]]>
              </value>
            </param>
            <param index="2">
              <value>
                <![CDATA[FIRST_SEND_BACK]]>
              </value>
            </param>
          </params>
          <reporter-output>
            <line>
              <![CDATA[Sending request with following params: pageNum=1&pageSize=999&type=USERNAME&key=&verifyStatuses=FIRST_SEND_BACK]]>
            </line>
          </reporter-output>
        </test-method> <!-- searchUser_by_verifyStatus -->
        <test-method status="PASS" signature="searchUser_by_verifyStatus(java.lang.String, java.lang.String, java.lang.String)[pri:0, instance:com.heika.test.verify.cases.API.TestSearchUser@6276ae34]" name="searchUser_by_verifyStatus" duration-ms="38" started-at="2015-11-03T18:05:49Z" description="审核后台，按照type、key与verifyStatus进行用户信息的查询" data-provider="verifyStatus" finished-at="2015-11-03T18:05:49Z">
          <params>
            <param index="0">
              <value>
                <![CDATA[NICKNAME]]>
              </value>
            </param>
            <param index="1">
              <value>
                <![CDATA[]]>
              </value>
            </param>
            <param index="2">
              <value>
                <![CDATA[FIRST_VERIFY_SUCCESS]]>
              </value>
            </param>
          </params>
          <reporter-output>
            <line>
              <![CDATA[Sending request with following params: pageNum=1&pageSize=999&type=NICKNAME&key=&verifyStatuses=FIRST_VERIFY_SUCCESS]]>
            </line>
          </reporter-output>
        </test-method> <!-- searchUser_by_verifyStatus -->
        <test-method status="PASS" signature="searchUser_by_verifyStatus(java.lang.String, java.lang.String, java.lang.String)[pri:0, instance:com.heika.test.verify.cases.API.TestSearchUser@6276ae34]" name="searchUser_by_verifyStatus" duration-ms="34" started-at="2015-11-03T18:05:49Z" description="审核后台，按照type、key与verifyStatus进行用户信息的查询" data-provider="verifyStatus" finished-at="2015-11-03T18:05:49Z">
          <params>
            <param index="0">
              <value>
                <![CDATA[MOBILE]]>
              </value>
            </param>
            <param index="1">
              <value>
                <![CDATA[]]>
              </value>
            </param>
            <param index="2">
              <value>
                <![CDATA[FIRST_VERIFY_SUCCESS]]>
              </value>
            </param>
          </params>
          <reporter-output>
            <line>
              <![CDATA[Sending request with following params: pageNum=1&pageSize=999&type=MOBILE&key=&verifyStatuses=FIRST_VERIFY_SUCCESS]]>
            </line>
          </reporter-output>
        </test-method> <!-- searchUser_by_verifyStatus -->
        <test-method status="PASS" signature="searchUser_by_verifyStatus(java.lang.String, java.lang.String, java.lang.String)[pri:0, instance:com.heika.test.verify.cases.API.TestSearchUser@6276ae34]" name="searchUser_by_verifyStatus" duration-ms="34" started-at="2015-11-03T18:05:49Z" description="审核后台，按照type、key与verifyStatus进行用户信息的查询" data-provider="verifyStatus" finished-at="2015-11-03T18:05:49Z">
          <params>
            <param index="0">
              <value>
                <![CDATA[IDCARD]]>
              </value>
            </param>
            <param index="1">
              <value>
                <![CDATA[]]>
              </value>
            </param>
            <param index="2">
              <value>
                <![CDATA[FIRST_VERIFY_SUCCESS]]>
              </value>
            </param>
          </params>
          <reporter-output>
            <line>
              <![CDATA[Sending request with following params: pageNum=1&pageSize=999&type=IDCARD&key=&verifyStatuses=FIRST_VERIFY_SUCCESS]]>
            </line>
          </reporter-output>
        </test-method> <!-- searchUser_by_verifyStatus -->
        <test-method status="PASS" signature="searchUser_by_verifyStatus(java.lang.String, java.lang.String, java.lang.String)[pri:0, instance:com.heika.test.verify.cases.API.TestSearchUser@6276ae34]" name="searchUser_by_verifyStatus" duration-ms="33" started-at="2015-11-03T18:05:49Z" description="审核后台，按照type、key与verifyStatus进行用户信息的查询" data-provider="verifyStatus" finished-at="2015-11-03T18:05:49Z">
          <params>
            <param index="0">
              <value>
                <![CDATA[USERNAME]]>
              </value>
            </param>
            <param index="1">
              <value>
                <![CDATA[]]>
              </value>
            </param>
            <param index="2">
              <value>
                <![CDATA[FIRST_VERIFY_SUCCESS]]>
              </value>
            </param>
          </params>
          <reporter-output>
            <line>
              <![CDATA[Sending request with following params: pageNum=1&pageSize=999&type=USERNAME&key=&verifyStatuses=FIRST_VERIFY_SUCCESS]]>
            </line>
          </reporter-output>
        </test-method> <!-- searchUser_by_verifyStatus -->
        <test-method status="PASS" signature="searchUser_by_verifyStatus(java.lang.String, java.lang.String, java.lang.String)[pri:0, instance:com.heika.test.verify.cases.API.TestSearchUser@6276ae34]" name="searchUser_by_verifyStatus" duration-ms="13" started-at="2015-11-03T18:05:49Z" description="审核后台，按照type、key与verifyStatus进行用户信息的查询" data-provider="verifyStatus" finished-at="2015-11-03T18:05:49Z">
          <params>
            <param index="0">
              <value>
                <![CDATA[NICKNAME]]>
              </value>
            </param>
            <param index="1">
              <value>
                <![CDATA[]]>
              </value>
            </param>
            <param index="2">
              <value>
                <![CDATA[SECOND_SEND_BACK]]>
              </value>
            </param>
          </params>
          <reporter-output>
            <line>
              <![CDATA[Sending request with following params: pageNum=1&pageSize=999&type=NICKNAME&key=&verifyStatuses=SECOND_SEND_BACK]]>
            </line>
          </reporter-output>
        </test-method> <!-- searchUser_by_verifyStatus -->
        <test-method status="PASS" signature="searchUser_by_verifyStatus(java.lang.String, java.lang.String, java.lang.String)[pri:0, instance:com.heika.test.verify.cases.API.TestSearchUser@6276ae34]" name="searchUser_by_verifyStatus" duration-ms="12" started-at="2015-11-03T18:05:49Z" description="审核后台，按照type、key与verifyStatus进行用户信息的查询" data-provider="verifyStatus" finished-at="2015-11-03T18:05:49Z">
          <params>
            <param index="0">
              <value>
                <![CDATA[MOBILE]]>
              </value>
            </param>
            <param index="1">
              <value>
                <![CDATA[]]>
              </value>
            </param>
            <param index="2">
              <value>
                <![CDATA[SECOND_SEND_BACK]]>
              </value>
            </param>
          </params>
          <reporter-output>
            <line>
              <![CDATA[Sending request with following params: pageNum=1&pageSize=999&type=MOBILE&key=&verifyStatuses=SECOND_SEND_BACK]]>
            </line>
          </reporter-output>
        </test-method> <!-- searchUser_by_verifyStatus -->
        <test-method status="PASS" signature="searchUser_by_verifyStatus(java.lang.String, java.lang.String, java.lang.String)[pri:0, instance:com.heika.test.verify.cases.API.TestSearchUser@6276ae34]" name="searchUser_by_verifyStatus" duration-ms="13" started-at="2015-11-03T18:05:49Z" description="审核后台，按照type、key与verifyStatus进行用户信息的查询" data-provider="verifyStatus" finished-at="2015-11-03T18:05:49Z">
          <params>
            <param index="0">
              <value>
                <![CDATA[IDCARD]]>
              </value>
            </param>
            <param index="1">
              <value>
                <![CDATA[]]>
              </value>
            </param>
            <param index="2">
              <value>
                <![CDATA[SECOND_SEND_BACK]]>
              </value>
            </param>
          </params>
          <reporter-output>
            <line>
              <![CDATA[Sending request with following params: pageNum=1&pageSize=999&type=IDCARD&key=&verifyStatuses=SECOND_SEND_BACK]]>
            </line>
          </reporter-output>
        </test-method> <!-- searchUser_by_verifyStatus -->
        <test-method status="PASS" signature="searchUser_by_verifyStatus(java.lang.String, java.lang.String, java.lang.String)[pri:0, instance:com.heika.test.verify.cases.API.TestSearchUser@6276ae34]" name="searchUser_by_verifyStatus" duration-ms="12" started-at="2015-11-03T18:05:49Z" description="审核后台，按照type、key与verifyStatus进行用户信息的查询" data-provider="verifyStatus" finished-at="2015-11-03T18:05:49Z">
          <params>
            <param index="0">
              <value>
                <![CDATA[USERNAME]]>
              </value>
            </param>
            <param index="1">
              <value>
                <![CDATA[]]>
              </value>
            </param>
            <param index="2">
              <value>
                <![CDATA[SECOND_SEND_BACK]]>
              </value>
            </param>
          </params>
          <reporter-output>
            <line>
              <![CDATA[Sending request with following params: pageNum=1&pageSize=999&type=USERNAME&key=&verifyStatuses=SECOND_SEND_BACK]]>
            </line>
          </reporter-output>
        </test-method> <!-- searchUser_by_verifyStatus -->
        <test-method status="PASS" signature="searchUser_by_verifyStatus(java.lang.String, java.lang.String, java.lang.String)[pri:0, instance:com.heika.test.verify.cases.API.TestSearchUser@6276ae34]" name="searchUser_by_verifyStatus" duration-ms="95" started-at="2015-11-03T18:05:49Z" description="审核后台，按照type、key与verifyStatus进行用户信息的查询" data-provider="verifyStatus" finished-at="2015-11-03T18:05:49Z">
          <params>
            <param index="0">
              <value>
                <![CDATA[NICKNAME]]>
              </value>
            </param>
            <param index="1">
              <value>
                <![CDATA[]]>
              </value>
            </param>
            <param index="2">
              <value>
                <![CDATA[VERIFY_REJECT]]>
              </value>
            </param>
          </params>
          <reporter-output>
            <line>
              <![CDATA[Sending request with following params: pageNum=1&pageSize=999&type=NICKNAME&key=&verifyStatuses=VERIFY_REJECT]]>
            </line>
          </reporter-output>
        </test-method> <!-- searchUser_by_verifyStatus -->
        <test-method status="PASS" signature="searchUser_by_verifyStatus(java.lang.String, java.lang.String, java.lang.String)[pri:0, instance:com.heika.test.verify.cases.API.TestSearchUser@6276ae34]" name="searchUser_by_verifyStatus" duration-ms="96" started-at="2015-11-03T18:05:49Z" description="审核后台，按照type、key与verifyStatus进行用户信息的查询" data-provider="verifyStatus" finished-at="2015-11-03T18:05:49Z">
          <params>
            <param index="0">
              <value>
                <![CDATA[MOBILE]]>
              </value>
            </param>
            <param index="1">
              <value>
                <![CDATA[]]>
              </value>
            </param>
            <param index="2">
              <value>
                <![CDATA[VERIFY_REJECT]]>
              </value>
            </param>
          </params>
          <reporter-output>
            <line>
              <![CDATA[Sending request with following params: pageNum=1&pageSize=999&type=MOBILE&key=&verifyStatuses=VERIFY_REJECT]]>
            </line>
          </reporter-output>
        </test-method> <!-- searchUser_by_verifyStatus -->
        <test-method status="PASS" signature="searchUser_by_verifyStatus(java.lang.String, java.lang.String, java.lang.String)[pri:0, instance:com.heika.test.verify.cases.API.TestSearchUser@6276ae34]" name="searchUser_by_verifyStatus" duration-ms="94" started-at="2015-11-03T18:05:49Z" description="审核后台，按照type、key与verifyStatus进行用户信息的查询" data-provider="verifyStatus" finished-at="2015-11-03T18:05:49Z">
          <params>
            <param index="0">
              <value>
                <![CDATA[IDCARD]]>
              </value>
            </param>
            <param index="1">
              <value>
                <![CDATA[]]>
              </value>
            </param>
            <param index="2">
              <value>
                <![CDATA[VERIFY_REJECT]]>
              </value>
            </param>
          </params>
          <reporter-output>
            <line>
              <![CDATA[Sending request with following params: pageNum=1&pageSize=999&type=IDCARD&key=&verifyStatuses=VERIFY_REJECT]]>
            </line>
          </reporter-output>
        </test-method> <!-- searchUser_by_verifyStatus -->
        <test-method status="PASS" signature="searchUser_by_verifyStatus(java.lang.String, java.lang.String, java.lang.String)[pri:0, instance:com.heika.test.verify.cases.API.TestSearchUser@6276ae34]" name="searchUser_by_verifyStatus" duration-ms="94" started-at="2015-11-03T18:05:49Z" description="审核后台，按照type、key与verifyStatus进行用户信息的查询" data-provider="verifyStatus" finished-at="2015-11-03T18:05:49Z">
          <params>
            <param index="0">
              <value>
                <![CDATA[USERNAME]]>
              </value>
            </param>
            <param index="1">
              <value>
                <![CDATA[]]>
              </value>
[...]
            </line>
          </reporter-output>
        </test-method> <!-- searchUser_by_verifyStatus -->
        <test-method status="PASS" signature="searchUser_by_verifyStatus(java.lang.String, java.lang.String, java.lang.String)[pri:0, instance:com.heika.test.verify.cases.API.TestSearchUser@6276ae34]" name="searchUser_by_verifyStatus" duration-ms="197" started-at="2015-11-03T18:05:53Z" description="审核后台，按照type、key与verifyStatus进行用户信息的查询" data-provider="verifyStatus" finished-at="2015-11-03T18:05:54Z">
          <params>
            <param index="0">
              <value>
                <![CDATA[MOBILE]]>
              </value>
            </param>
            <param index="1">
              <value>
                <![CDATA[13812200069]]>
              </value>
            </param>
            <param index="2">
              <value>
                <![CDATA[VERIFY_SUCCESS]]>
              </value>
            </param>
          </params>
          <reporter-output>
            <line>
              <![CDATA[Sending request with following params: pageNum=1&pageSize=999&type=MOBILE&key=13812200069&verifyStatuses=VERIFY_SUCCESS]]>
            </line>
          </reporter-output>
        </test-method> <!-- searchUser_by_verifyStatus -->
        <test-method status="PASS" signature="searchUser_by_verifyStatus(java.lang.String, java.lang.String, java.lang.String)[pri:0, instance:com.heika.test.verify.cases.API.TestSearchUser@6276ae34]" name="searchUser_by_verifyStatus" duration-ms="197" started-at="2015-11-03T18:05:54Z" description="审核后台，按照type、key与verifyStatus进行用户信息的查询" data-provider="verifyStatus" finished-at="2015-11-03T18:05:54Z">
          <params>
            <param index="0">
              <value>
                <![CDATA[IDCARD]]>
              </value>
            </param>
            <param index="1">
              <value>
                <![CDATA[620600198111148628]]>
              </value>
            </param>
            <param index="2">
              <value>
                <![CDATA[VERIFY_SUCCESS]]>
              </value>
            </param>
          </params>
          <reporter-output>
            <line>
              <![CDATA[Sending request with following params: pageNum=1&pageSize=999&type=IDCARD&key=620600198111148628&verifyStatuses=VERIFY_SUCCESS]]>
            </line>
          </reporter-output>
        </test-method> <!-- searchUser_by_verifyStatus -->
        <test-method status="PASS" signature="searchUser_by_verifyStatus(java.lang.String, java.lang.String, java.lang.String)[pri:0, instance:com.heika.test.verify.cases.API.TestSearchUser@6276ae34]" name="searchUser_by_verifyStatus" duration-ms="187" started-at="2015-11-03T18:05:54Z" description="审核后台，按照type、key与verifyStatus进行用户信息的查询" data-provider="verifyStatus" finished-at="2015-11-03T18:05:54Z">
          <params>
            <param index="0">
              <value>
                <![CDATA[USERNAME]]>
              </value>
            </param>
            <param index="1">
              <value>
                <![CDATA[测试69]]>
              </value>
            </param>
            <param index="2">
              <value>
                <![CDATA[VERIFY_SUCCESS]]>
              </value>
            </param>
          </params>
          <reporter-output>
            <line>
              <![CDATA[Sending request with following params: pageNum=1&pageSize=999&type=USERNAME&key=测试69&verifyStatuses=VERIFY_SUCCESS]]>
            </line>
          </reporter-output>
        </test-method> <!-- searchUser_by_verifyStatus -->
        <test-method status="PASS" signature="searchUser_by_verifyStatus(java.lang.String, java.lang.String, java.lang.String)[pri:0, instance:com.heika.test.verify.cases.API.TestSearchUser@6276ae34]" name="searchUser_by_verifyStatus" duration-ms="1164" started-at="2015-11-03T18:05:54Z" description="审核后台，按照type、key与verifyStatus进行用户信息的查询" data-provider="verifyStatus" finished-at="2015-11-03T18:05:55Z">
          <params>
            <param index="0">
              <value>
                <![CDATA[NICKNAME]]>
              </value>
            </param>
            <param index="1">
              <value>
                <![CDATA[shenshuo111]]>
              </value>
            </param>
            <param index="2">
              <value>
                <![CDATA[]]>
              </value>
            </param>
          </params>
          <reporter-output>
            <line>
              <![CDATA[Sending request with following params: pageNum=1&pageSize=999&type=NICKNAME&key=shenshuo111&verifyStatuses=]]>
            </line>
          </reporter-output>
        </test-method> <!-- searchUser_by_verifyStatus -->
        <test-method status="PASS" signature="searchUser_by_verifyStatus(java.lang.String, java.lang.String, java.lang.String)[pri:0, instance:com.heika.test.verify.cases.API.TestSearchUser@6276ae34]" name="searchUser_by_verifyStatus" duration-ms="1193" started-at="2015-11-03T18:05:55Z" description="审核后台，按照type、key与verifyStatus进行用户信息的查询" data-provider="verifyStatus" finished-at="2015-11-03T18:05:56Z">
          <params>
            <param index="0">
              <value>
                <![CDATA[MOBILE]]>
              </value>
            </param>
            <param index="1">
              <value>
                <![CDATA[15911027605]]>
              </value>
            </param>
            <param index="2">
              <value>
                <![CDATA[]]>
              </value>
            </param>
          </params>
          <reporter-output>
            <line>
              <![CDATA[Sending request with following params: pageNum=1&pageSize=999&type=MOBILE&key=15911027605&verifyStatuses=]]>
            </line>
          </reporter-output>
        </test-method> <!-- searchUser_by_verifyStatus -->
        <test-method status="PASS" signature="searchUser_by_verifyStatus(java.lang.String, java.lang.String, java.lang.String)[pri:0, instance:com.heika.test.verify.cases.API.TestSearchUser@6276ae34]" name="searchUser_by_verifyStatus" duration-ms="1196" started-at="2015-11-03T18:05:56Z" description="审核后台，按照type、key与verifyStatus进行用户信息的查询" data-provider="verifyStatus" finished-at="2015-11-03T18:05:58Z">
          <params>
            <param index="0">
              <value>
                <![CDATA[IDCARD]]>
              </value>
            </param>
            <param index="1">
              <value>
                <![CDATA[610830198212012014]]>
              </value>
            </param>
            <param index="2">
              <value>
                <![CDATA[]]>
              </value>
            </param>
          </params>
          <reporter-output>
            <line>
              <![CDATA[Sending request with following params: pageNum=1&pageSize=999&type=IDCARD&key=610830198212012014&verifyStatuses=]]>
            </line>
          </reporter-output>
        </test-method> <!-- searchUser_by_verifyStatus -->
        <test-method status="PASS" signature="searchUser_by_verifyStatus(java.lang.String, java.lang.String, java.lang.String)[pri:0, instance:com.heika.test.verify.cases.API.TestSearchUser@6276ae34]" name="searchUser_by_verifyStatus" duration-ms="1170" started-at="2015-11-03T18:05:58Z" description="审核后台，按照type、key与verifyStatus进行用户信息的查询" data-provider="verifyStatus" finished-at="2015-11-03T18:05:59Z">
          <params>
            <param index="0">
              <value>
                <![CDATA[USERNAME]]>
              </value>
            </param>
            <param index="1">
              <value>
                <![CDATA[史良万]]>
              </value>
            </param>
            <param index="2">
              <value>
                <![CDATA[]]>
              </value>
            </param>
          </params>
          <reporter-output>
            <line>
              <![CDATA[Sending request with following params: pageNum=1&pageSize=999&type=USERNAME&key=史良万&verifyStatuses=]]>
            </line>
          </reporter-output>
        </test-method> <!-- searchUser_by_verifyStatus -->
        <test-method status="PASS" signature="searchUser_by_verifyStatus(java.lang.String, java.lang.String, java.lang.String)[pri:0, instance:com.heika.test.verify.cases.API.TestSearchUser@6276ae34]" name="searchUser_by_verifyStatus" duration-ms="1446" started-at="2015-11-03T18:05:59Z" description="审核后台，按照type、key与verifyStatus进行用户信息的查询" data-provider="verifyStatus" finished-at="2015-11-03T18:06:00Z">
          <params>
            <param index="0">
              <value>
                <![CDATA[NICKNAME]]>
              </value>
            </param>
            <param index="1">
              <value>
                <![CDATA[]]>
              </value>
            </param>
            <param index="2">
              <value>
                <![CDATA[]]>
              </value>
            </param>
          </params>
          <reporter-output>
            <line>
              <![CDATA[Sending request with following params: pageNum=1&pageSize=999&type=NICKNAME&key=&verifyStatuses=]]>
            </line>
          </reporter-output>
        </test-method> <!-- searchUser_by_verifyStatus -->
        <test-method status="PASS" signature="searchUser_by_verifyStatus(java.lang.String, java.lang.String, java.lang.String)[pri:0, instance:com.heika.test.verify.cases.API.TestSearchUser@6276ae34]" name="searchUser_by_verifyStatus" duration-ms="1430" started-at="2015-11-03T18:06:00Z" description="审核后台，按照type、key与verifyStatus进行用户信息的查询" data-provider="verifyStatus" finished-at="2015-11-03T18:06:02Z">
          <params>
            <param index="0">
              <value>
                <![CDATA[MOBILE]]>
              </value>
            </param>
            <param index="1">
              <value>
                <![CDATA[]]>
              </value>
            </param>
            <param index="2">
              <value>
                <![CDATA[]]>
              </value>
            </param>
          </params>
          <reporter-output>
            <line>
              <![CDATA[Sending request with following params: pageNum=1&pageSize=999&type=MOBILE&key=&verifyStatuses=]]>
            </line>
          </reporter-output>
        </test-method> <!-- searchUser_by_verifyStatus -->
        <test-method status="PASS" signature="searchUser_by_verifyStatus(java.lang.String, java.lang.String, java.lang.String)[pri:0, instance:com.heika.test.verify.cases.API.TestSearchUser@6276ae34]" name="searchUser_by_verifyStatus" duration-ms="1426" started-at="2015-11-03T18:06:02Z" description="审核后台，按照type、key与verifyStatus进行用户信息的查询" data-provider="verifyStatus" finished-at="2015-11-03T18:06:03Z">
          <params>
            <param index="0">
              <value>
                <![CDATA[IDCARD]]>
              </value>
            </param>
            <param index="1">
              <value>
                <![CDATA[]]>
              </value>
            </param>
            <param index="2">
              <value>
                <![CDATA[]]>
              </value>
            </param>
          </params>
          <reporter-output>
            <line>
              <![CDATA[Sending request with following params: pageNum=1&pageSize=999&type=IDCARD&key=&verifyStatuses=]]>
            </line>
          </reporter-output>
        </test-method> <!-- searchUser_by_verifyStatus -->
        <test-method status="PASS" signature="searchUser_by_verifyStatus(java.lang.String, java.lang.String, java.lang.String)[pri:0, instance:com.heika.test.verify.cases.API.TestSearchUser@6276ae34]" name="searchUser_by_verifyStatus" duration-ms="1449" started-at="2015-11-03T18:06:03Z" description="审核后台，按照type、key与verifyStatus进行用户信息的查询" data-provider="verifyStatus" finished-at="2015-11-03T18:06:05Z">
          <params>
            <param index="0">
              <value>
                <![CDATA[USERNAME]]>
              </value>
            </param>
            <param index="1">
              <value>
                <![CDATA[]]>
              </value>
            </param>
            <param index="2">
              <value>
                <![CDATA[]]>
              </value>
            </param>
          </params>
          <reporter-output>
            <line>
              <![CDATA[Sending request with following params: pageNum=1&pageSize=999&type=USERNAME&key=&verifyStatuses=]]>
            </line>
          </reporter-output>
        </test-method> <!-- searchUser_by_verifyStatus -->
      </class> <!-- com.heika.test.verify.cases.API.TestSearchUser -->
      <class name="com.heika.test.verify.cases.API.TestGetUserDetail">
        <test-method status="PASS" signature="init(java.lang.String, java.lang.String, java.lang.String, java.lang.String, java.lang.String, java.lang.String)[pri:0, instance:com.heika.test.verify.cases.API.TestGetUserDetail@234bef66]" name="init" is-config="true" duration-ms="4874" started-at="2015-11-03T18:05:35Z" finished-at="2015-11-03T18:05:40Z">
          <params>
            <param index="0">
              <value>
                <![CDATA[http://172.16.2.38:15081/]]>
              </value>
            </param>
            <param index="1">
              <value>
                <![CDATA[admin@renrendai.com]]>
              </value>
            </param>
            <param index="2">
              <value>
                <![CDATA[bH7Qsd8kPfEE2zdTwgZUVF2iYv5kVtBGAyWBzZjk50S2uaWgVMLtbAtTgIpu0D85X3VgFie%2F3W4HCHY088%2BCAVEO8PyW0nq57id29Aw5Mm0PA5KEf6Z18roUeGDfsTF0G5ifCwPRfC4P%2Bu0E7YUEEAikWHgevfqSYGtKub0uQvA%3D]]>
              </value>
            </param>
            <param index="3">
              <value>
                <![CDATA[jdbc:mysql://172.16.2.38:3306/heika_new]]>
              </value>
            </param>
            <param index="4">
              <value>
                <![CDATA[heika_dev]]>
              </value>
            </param>
            <param index="5">
              <value>
                <![CDATA[heika_dev@qwe321]]>
              </value>
            </param>
          </params>
          <reporter-output>
          </reporter-output>
        </test-method> <!-- init -->
        <test-method status="FAIL" signature="getUserDetailInfo(java.lang.String)[pri:0, instance:com.heika.test.verify.cases.API.TestGetUserDetail@234bef66]" name="getUserDetailInfo" duration-ms="679" started-at="2015-11-03T18:05:40Z" description="审核后台，获取用户详情接口测试。接口： /user/getUserDetail" finished-at="2015-11-03T18:05:41Z">
          <params>
            <param index="0">
              <value>
                <![CDATA[100034758]]>
              </value>
            </param>
          </params>
          <exception class="java.lang.AssertionError">
            <message>
              <![CDATA[There are differences between user detail info from response and from DB expected [investigateNoteInfo=investigateNote=CES
investigateUserName=超级管理员
investigateTime=1440060901000

firstVerifyNote=firstVerifyAmount=1.00
firstVerifyCardProductName=黑卡五星
firstVerifyNote=1
firstVerifyUserName=超级管理员
firstVerifyTime=1440586843000

secondVerify=secondVerifyAmount=20000.00
secondVerifyCardProductName=黑卡五星
secondVerifyNote=42452
secondVerifyUserName=超级管理员
secondVerifyTime=1440642093000

strategy=isOld=1
result=通过审批
amount=16000.00
cardProductId=黑卡一星

youxinBlackListEnum=NOT_IN_BLACK_LIST
] but found [investigateNoteInfo=null
firstVerifyNote=null
secondVerify=null
strategy=null
youxinBlackListEnum=null
]]]>
            </message>
            <full-stacktrace>
              <![CDATA[java.lang.AssertionError: There are differences between user detail info from response and from DB expected [investigateNoteInfo=investigateNote=CES
investigateUserName=超级管理员
investigateTime=1440060901000

firstVerifyNote=firstVerifyAmount=1.00
firstVerifyCardProductName=黑卡五星
firstVerifyNote=1
firstVerifyUserName=超级管理员
firstVerifyTime=1440586843000

secondVerify=secondVerifyAmount=20000.00
secondVerifyCardProductName=黑卡五星
secondVerifyNote=42452
secondVerifyUserName=超级管理员
secondVerifyTime=1440642093000

strategy=isOld=1
result=通过审批
amount=16000.00
cardProductId=黑卡一星

youxinBlackListEnum=NOT_IN_BLACK_LIST
] but found [investigateNoteInfo=null
firstVerifyNote=null
secondVerify=null
strategy=null
youxinBlackListEnum=null
]
	at org.testng.Assert.fail(Assert.java:94)
	at org.testng.Assert.failNotEquals(Assert.java:496)
	at org.testng.Assert.assertEquals(Assert.java:125)
	at com.heika.test.verify.cases.API.TestGetUserDetail.getUserDetailInfo(TestGetUserDetail.java:31)
	at sun.reflect.NativeMethodAccessorImpl.invoke0(Native Method)
	at sun.reflect.NativeMethodAccessorImpl.invoke(NativeMethodAccessorImpl.java:62)
	at sun.reflect.DelegatingMethodAccessorImpl.invoke(DelegatingMethodAccessorImpl.java:43)
	at java.lang.reflect.Method.invoke(Method.java:497)
	at org.testng.internal.MethodInvocationHelper.invokeMethod(MethodInvocationHelper.java:85)
	at org.testng.internal.Invoker.invokeMethod(Invoker.java:639)
	at org.testng.internal.Invoker.invokeTestMethod(Invoker.java:821)
	at org.testng.internal.Invoker.invokeTestMethods(Invoker.java:1131)
	at org.testng.internal.TestMethodWorker.invokeTestMethods(TestMethodWorker.java:124)
	at org.testng.internal.TestMethodWorker.run(TestMethodWorker.java:108)
	at org.testng.TestRunner.privateRun(TestRunner.java:773)
	at org.testng.TestRunner.run(TestRunner.java:623)
	at org.testng.SuiteRunner.runTest(SuiteRunner.java:357)
	at org.testng.SuiteRunner.runSequentially(SuiteRunner.java:352)
	at org.testng.SuiteRunner.privateRun(SuiteRunner.java:310)
	at org.testng.SuiteRunner.run(SuiteRunner.java:259)
	at org.testng.SuiteRunnerWorker.runSuite(SuiteRunnerWorker.java:52)
	at org.testng.SuiteRunnerWorker.run(SuiteRunnerWorker.java:86)
	at org.testng.TestNG.runSuitesSequentially(TestNG.java:1185)
	at org.testng.TestNG.runSuitesLocally(TestNG.java:1110)
	at org.testng.TestNG.run(TestNG.java:1018)
	at org.apache.maven.surefire.testng.TestNGExecutor.run(TestNGExecutor.java:295)
	at org.apache.maven.surefire.testng.TestNGXmlTestSuite.execute(TestNGXmlTestSuite.java:84)
	at org.apache.maven.surefire.testng.TestNGProvider.invoke(TestNGProvider.java:90)
	at org.apache.maven.surefire.booter.ForkedBooter.invokeProviderInSameClassLoader(ForkedBooter.java:203)
	at org.apache.maven.surefire.booter.ForkedBooter.runSuitesInProcess(ForkedBooter.java:155)
	at org.apache.maven.surefire.booter.ForkedBooter.main(ForkedBooter.java:103)
]]>
            </full-stacktrace>
          </exception> <!-- java.lang.AssertionError -->
          <reporter-output>
            <line>
              <![CDATA[[Testing] [2015-11-03 06:05:41] [Get userDetail from DB: investigateNoteInfo=investigateNote=CES
investigateUserName=超级管理员
investigateTime=1440060901000

firstVerifyNote=firstVerifyAmount=1.00
firstVerifyCardProductName=黑卡五星
firstVerifyNote=1
firstVerifyUserName=超级管理员
firstVerifyTime=1440586843000

secondVerify=secondVerifyAmount=20000.00
secondVerifyCardProductName=黑卡五星
secondVerifyNote=42452
secondVerifyUserName=超级管理员
secondVerifyTime=1440642093000

strategy=isOld=1
result=通过审批
amount=16000.00
cardProductId=黑卡一星

youxinBlackListEnum=NOT_IN_BLACK_LIST
]]]>
            </line>
            <line>
              <![CDATA[Response: {"data":{},"message":"Forbid consumer 172.16.2.38 access service com.heika.idcard.service.IdCardService from registry 127.0.0.1:6379 use dubbo version 2.5.3, Please check registry access list (whitelist/blacklist).","status":10101005}
]]>
            </line>
            <line>
              <![CDATA[[Testing] [2015-11-03 06:05:41] [Get userDetail from response: investigateNoteInfo=null
firstVerifyNote=null
secondVerify=null
strategy=null
youxinBlackListEnum=null
]]]>
            </line>
          </reporter-output>
        </test-method> <!-- getUserDetailInfo -->
      </class> <!-- com.heika.test.verify.cases.API.TestGetUserDetail -->
    </test> <!-- Test1 -->
  </suite> <!-- Suite1 -->
</testng-results>
