-------------------------------------------------------------------------------
Test set: TestSuite
-------------------------------------------------------------------------------
Tests run: 96, Failures: 1, Errors: 0, Skipped: 0, Time elapsed: 30.292 sec <<< FAILURE! - in TestSuite
getUserDetailInfo(com.heika.test.verify.cases.API.TestGetUserDetail)  Time elapsed: 0.682 sec  <<< FAILURE!
java.lang.AssertionError: There are differences between user detail info from response and from DB expected [investigateNoteInfo=investigateNote=CES
investigateUserName=超级管理员
investigateTime=1440060901000

firstVerifyNote=firstVerifyAmount=1.00
firstVerifyCardProductName=黑卡五星
firstVerifyNote=1
firstVerifyUserName=超级管理员
firstVerifyTime=1440586843000

secondVerify=secondVerifyAmount=20000.00
secondVerifyCardProductName=黑卡五星
secondVerifyNote=42452
secondVerifyUserName=超级管理员
secondVerifyTime=1440642093000

strategy=isOld=1
result=通过审批
amount=16000.00
cardProductId=黑卡一星

youxinBlackListEnum=NOT_IN_BLACK_LIST
] but found [investigateNoteInfo=null
firstVerifyNote=null
secondVerify=null
strategy=null
youxinBlackListEnum=null
]
	at org.testng.Assert.fail(Assert.java:94)
	at org.testng.Assert.failNotEquals(Assert.java:496)
	at org.testng.Assert.assertEquals(Assert.java:125)
	at com.heika.test.verify.cases.API.TestGetUserDetail.getUserDetailInfo(TestGetUserDetail.java:31)

