<?xml version="1.0" encoding="UTF-8"?>
<testsuite name="TestSuite" time="2.458" tests="96" errors="0" skipped="0" failures="0">
  <properties>
[...]
</properties>
  <testcase name="getUserDetailInfo" classname="com.heika.test.verify.cases.API.TestGetUserDetail" time="1.004"/>
  <testcase name="getUserVerifyLog" classname="com.heika.test.verify.cases.API.TestGetUserVerifyLog" time="0.074"/>
  <testcase name="searchUser_by_pageNum" classname="com.heika.test.verify.cases.API.TestSearchUser" time="0.74"/>
  <testcase name="searchUser_by_pageNum" classname="com.heika.test.verify.cases.API.TestSearchUser" time="0.46"/>
  <testcase name="searchUser_by_pageNum" classname="com.heika.test.verify.cases.API.TestSearchUser" time="0.365"/>
  <testcase name="searchUser_by_pageNum" classname="com.heika.test.verify.cases.API.TestSearchUser" time="0.381"/>
  <testcase name="searchUser_by_pageNum" classname="com.heika.test.verify.cases.API.TestSearchUser" time="0.406"/>
  <testcase name="searchUser_by_verifyStatus" classname="com.heika.test.verify.cases.API.TestSearchUser" time="0.64"/>
  <testcase name="searchUser_by_verifyStatus" classname="com.heika.test.verify.cases.API.TestSearchUser" time="0.016"/>
  <testcase name="searchUser_by_verifyStatus" classname="com.heika.test.verify.cases.API.TestSearchUser" time="0.113"/>
  <testcase name="searchUser_by_verifyStatus" classname="com.heika.test.verify.cases.API.TestSearchUser" time="0.044"/>
  <testcase name="searchUser_by_verifyStatus" classname="com.heika.test.verify.cases.API.TestSearchUser" time="0.041"/>
  <testcase name="searchUser_by_verifyStatus" classname="com.heika.test.verify.cases.API.TestSearchUser" time="0.038"/>
  <testcase name="searchUser_by_verifyStatus" classname="com.heika.test.verify.cases.API.TestSearchUser" time="0.014"/>
  <testcase name="searchUser_by_verifyStatus" classname="com.heika.test.verify.cases.API.TestSearchUser" time="0.112"/>
  <testcase name="searchUser_by_verifyStatus" classname="com.heika.test.verify.cases.API.TestSearchUser" time="0.309"/>
  <testcase name="searchUser_by_verifyStatus" classname="com.heika.test.verify.cases.API.TestSearchUser" time="0.451"/>
  <testcase name="searchUser_by_verifyStatus" classname="com.heika.test.verify.cases.API.TestSearchUser" time="0.422"/>
  <testcase name="searchUser_by_verifyStatus" classname="com.heika.test.verify.cases.API.TestSearchUser" time="0.432"/>
  <testcase name="searchUser_by_verifyStatus" classname="com.heika.test.verify.cases.API.TestSearchUser" time="0.439"/>
  <testcase name="searchUser_by_verifyStatus" classname="com.heika.test.verify.cases.API.TestSearchUser" time="0.017"/>
  <testcase name="searchUser_by_verifyStatus" classname="com.heika.test.verify.cases.API.TestSearchUser" time="0.014"/>
  <testcase name="searchUser_by_verifyStatus" classname="com.heika.test.verify.cases.API.TestSearchUser" time="0.015"/>
  <testcase name="searchUser_by_verifyStatus" classname="com.heika.test.verify.cases.API.TestSearchUser" time="0.014"/>
  <testcase name="searchUser_by_verifyStatus" classname="com.heika.test.verify.cases.API.TestSearchUser" time="0.094"/>
  <testcase name="searchUser_by_verifyStatus" classname="com.heika.test.verify.cases.API.TestSearchUser" time="0.095"/>
  <testcase name="searchUser_by_verifyStatus" classname="com.heika.test.verify.cases.API.TestSearchUser" time="0.095"/>
  <testcase name="searchUser_by_verifyStatus" classname="com.heika.test.verify.cases.API.TestSearchUser" time="0.097"/>
  <testcase name="searchUser_by_verifyStatus" classname="com.heika.test.verify.cases.API.TestSearchUser" time="0.038"/>
  <testcase name="searchUser_by_verifyStatus" classname="com.heika.test.verify.cases.API.TestSearchUser" time="0.038"/>
  <testcase name="searchUser_by_verifyStatus" classname="com.heika.test.verify.cases.API.TestSearchUser" time="0.038"/>
  <testcase name="searchUser_by_verifyStatus" classname="com.heika.test.verify.cases.API.TestSearchUser" time="0.039"/>
  <testcase name="searchUser_by_verifyStatus" classname="com.heika.test.verify.cases.API.TestSearchUser" time="0.035"/>
  <testcase name="searchUser_by_verifyStatus" classname="com.heika.test.verify.cases.API.TestSearchUser" time="0.034"/>
  <testcase name="searchUser_by_verifyStatus" classname="com.heika.test.verify.cases.API.TestSearchUser" time="0.033"/>
  <testcase name="searchUser_by_verifyStatus" classname="com.heika.test.verify.cases.API.TestSearchUser" time="0.033"/>
  <testcase name="searchUser_by_verifyStatus" classname="com.heika.test.verify.cases.API.TestSearchUser" time="0.035"/>
  <testcase name="searchUser_by_verifyStatus" classname="com.heika.test.verify.cases.API.TestSearchUser" time="0.035"/>
  <testcase name="searchUser_by_verifyStatus" classname="com.heika.test.verify.cases.API.TestSearchUser" time="0.037"/>
  <testcase name="searchUser_by_verifyStatus" classname="com.heika.test.verify.cases.API.TestSearchUser" time="0.037"/>
  <testcase name="searchUser_by_verifyStatus" classname="com.heika.test.verify.cases.API.TestSearchUser" time="0.015"/>
  <testcase name="searchUser_by_verifyStatus" classname="com.heika.test.verify.cases.API.TestSearchUser" time="0.015"/>
  <testcase name="searchUser_by_verifyStatus" classname="com.heika.test.verify.cases.API.TestSearchUser" time="0.014"/>
  <testcase name="searchUser_by_verifyStatus" classname="com.heika.test.verify.cases.API.TestSearchUser" time="0.014"/>
  <testcase name="searchUser_by_verifyStatus" classname="com.heika.test.verify.cases.API.TestSearchUser" time="0.099"/>
  <testcase name="searchUser_by_verifyStatus" classname="com.heika.test.verify.cases.API.TestSearchUser" time="0.107"/>
  <testcase name="searchUser_by_verifyStatus" classname="com.heika.test.verify.cases.API.TestSearchUser" time="0.102"/>
  <testcase name="searchUser_by_verifyStatus" classname="com.heika.test.verify.cases.API.TestSearchUser" time="0.105"/>
  <testcase name="searchUser_by_verifyStatus" classname="com.heika.test.verify.cases.API.TestSearchUser" time="0.289"/>
  <testcase name="searchUser_by_verifyStatus" classname="com.heika.test.verify.cases.API.TestSearchUser" time="0.284"/>
  <testcase name="searchUser_by_verifyStatus" classname="com.heika.test.verify.cases.API.TestSearchUser" time="0.286"/>
  <testcase name="searchUser_by_verifyStatus" classname="com.heika.test.verify.cases.API.TestSearchUser" time="0.294"/>
  <testcase name="searchUser_by_verifyStatus" classname="com.heika.test.verify.cases.API.TestSearchUser" time="0.345"/>
  <testcase name="searchUser_by_verifyStatus" classname="com.heika.test.verify.cases.API.TestSearchUser" time="0.355"/>
  <testcase name="searchUser_by_verifyStatus" classname="com.heika.test.verify.cases.API.TestSearchUser" time="0.358"/>
  <testcase name="searchUser_by_verifyStatus" classname="com.heika.test.verify.cases.API.TestSearchUser" time="0.392"/>
  <testcase name="searchUser_by_verifyStatus" classname="com.heika.test.verify.cases.API.TestSearchUser" time="0.016"/>
  <testcase name="searchUser_by_verifyStatus" classname="com.heika.test.verify.cases.API.TestSearchUser" time="0.014"/>
  <testcase name="searchUser_by_verifyStatus" classname="com.heika.test.verify.cases.API.TestSearchUser" time="0.015"/>
  <testcase name="searchUser_by_verifyStatus" classname="com.heika.test.verify.cases.API.TestSearchUser" time="0.02"/>
  <testcase name="searchUser_by_verifyStatus" classname="com.heika.test.verify.cases.API.TestSearchUser" time="0.063"/>
  <testcase name="searchUser_by_verifyStatus" classname="com.heika.test.verify.cases.API.TestSearchUser" time="0.061"/>
  <testcase name="searchUser_by_verifyStatus" classname="com.heika.test.verify.cases.API.TestSearchUser" time="0.064"/>
  <testcase name="searchUser_by_verifyStatus" classname="com.heika.test.verify.cases.API.TestSearchUser" time="0.061"/>
  <testcase name="searchUser_by_verifyStatus" classname="com.heika.test.verify.cases.API.TestSearchUser" time="0.028"/>
  <testcase name="searchUser_by_verifyStatus" classname="com.heika.test.verify.cases.API.TestSearchUser" time="0.027"/>
  <testcase name="searchUser_by_verifyStatus" classname="com.heika.test.verify.cases.API.TestSearchUser" time="0.029"/>
  <testcase name="searchUser_by_verifyStatus" classname="com.heika.test.verify.cases.API.TestSearchUser" time="0.029"/>
  <testcase name="searchUser_by_verifyStatus" classname="com.heika.test.verify.cases.API.TestSearchUser" time="0.026"/>
  <testcase name="searchUser_by_verifyStatus" classname="com.heika.test.verify.cases.API.TestSearchUser" time="0.027"/>
  <testcase name="searchUser_by_verifyStatus" classname="com.heika.test.verify.cases.API.TestSearchUser" time="0.03"/>
  <testcase name="searchUser_by_verifyStatus" classname="com.heika.test.verify.cases.API.TestSearchUser" time="0.026"/>
  <testcase name="searchUser_by_verifyStatus" classname="com.heika.test.verify.cases.API.TestSearchUser" time="0.026"/>
  <testcase name="searchUser_by_verifyStatus" classname="com.heika.test.verify.cases.API.TestSearchUser" time="0.027"/>
  <testcase name="searchUser_by_verifyStatus" classname="com.heika.test.verify.cases.API.TestSearchUser" time="0.028"/>
  <testcase name="searchUser_by_verifyStatus" classname="com.heika.test.verify.cases.API.TestSearchUser" time="0.027"/>
  <testcase name="searchUser_by_verifyStatus" classname="com.heika.test.verify.cases.API.TestSearchUser" time="0.013"/>
  <testcase name="searchUser_by_verifyStatus" classname="com.heika.test.verify.cases.API.TestSearchUser" time="0.013"/>
  <testcase name="searchUser_by_verifyStatus" classname="com.heika.test.verify.cases.API.TestSearchUser" time="0.015"/>
  <testcase name="searchUser_by_verifyStatus" classname="com.heika.test.verify.cases.API.TestSearchUser" time="0.014"/>
  <testcase name="searchUser_by_verifyStatus" classname="com.heika.test.verify.cases.API.TestSearchUser" time="0.071"/>
  <testcase name="searchUser_by_verifyStatus" classname="com.heika.test.verify.cases.API.TestSearchUser" time="0.068"/>
  <testcase name="searchUser_by_verifyStatus" classname="com.heika.test.verify.cases.API.TestSearchUser" time="0.068"/>
  <testcase name="searchUser_by_verifyStatus" classname="com.heika.test.verify.cases.API.TestSearchUser" time="0.07"/>
  <testcase name="searchUser_by_verifyStatus" classname="com.heika.test.verify.cases.API.TestSearchUser" time="0.211"/>
  <testcase name="searchUser_by_verifyStatus" classname="com.heika.test.verify.cases.API.TestSearchUser" time="0.18"/>
  <testcase name="searchUser_by_verifyStatus" classname="com.heika.test.verify.cases.API.TestSearchUser" time="0.199"/>
  <testcase name="searchUser_by_verifyStatus" classname="com.heika.test.verify.cases.API.TestSearchUser" time="0.192"/>
  <testcase name="searchUser_by_verifyStatus" classname="com.heika.test.verify.cases.API.TestSearchUser" time="1.023"/>
  <testcase name="searchUser_by_verifyStatus" classname="com.heika.test.verify.cases.API.TestSearchUser" time="1.019"/>
  <testcase name="searchUser_by_verifyStatus" classname="com.heika.test.verify.cases.API.TestSearchUser" time="1.019"/>
  <testcase name="searchUser_by_verifyStatus" classname="com.heika.test.verify.cases.API.TestSearchUser" time="1.017"/>
  <testcase name="searchUser_by_verifyStatus" classname="com.heika.test.verify.cases.API.TestSearchUser" time="1.246"/>
  <testcase name="searchUser_by_verifyStatus" classname="com.heika.test.verify.cases.API.TestSearchUser" time="1.234"/>
  <testcase name="searchUser_by_verifyStatus" classname="com.heika.test.verify.cases.API.TestSearchUser" time="1.241"/>
  <testcase name="searchUser_by_verifyStatus" classname="com.heika.test.verify.cases.API.TestSearchUser" time="1.241"/>
</testsuite>