<?xml version="1.0" encoding="UTF-8"?>
<!-- Generated by org.testng.reporters.JUnitXMLReporter -->
<testsuite hostname="peng-ThinkPad-L440" name="Test1" tests="96" failures="0" timestamp="3 Nov 2015 03:54:19 GMT" time="27.128" errors="0">
  <testcase name="getUserDetailInfo" time="1.003" classname="com.heika.test.verify.cases.API.TestGetUserDetail"/>
  <testcase name="getUserVerifyLog" time="0.074" classname="com.heika.test.verify.cases.API.TestGetUserVerifyLog"/>
  <testcase name="searchUser_by_pageNum" time="0.739" classname="com.heika.test.verify.cases.API.TestSearchUser"/>
  <testcase name="searchUser_by_pageNum" time="0.459" classname="com.heika.test.verify.cases.API.TestSearchUser"/>
  <testcase name="searchUser_by_pageNum" time="0.364" classname="com.heika.test.verify.cases.API.TestSearchUser"/>
  <testcase name="searchUser_by_pageNum" time="0.38" classname="com.heika.test.verify.cases.API.TestSearchUser"/>
  <testcase name="searchUser_by_pageNum" time="0.405" classname="com.heika.test.verify.cases.API.TestSearchUser"/>
  <testcase name="searchUser_by_verifyStatus" time="0.639" classname="com.heika.test.verify.cases.API.TestSearchUser"/>
  <testcase name="searchUser_by_verifyStatus" time="0.016" classname="com.heika.test.verify.cases.API.TestSearchUser"/>
  <testcase name="searchUser_by_verifyStatus" time="0.112" classname="com.heika.test.verify.cases.API.TestSearchUser"/>
  <testcase name="searchUser_by_verifyStatus" time="0.044" classname="com.heika.test.verify.cases.API.TestSearchUser"/>
  <testcase name="searchUser_by_verifyStatus" time="0.041" classname="com.heika.test.verify.cases.API.TestSearchUser"/>
  <testcase name="searchUser_by_verifyStatus" time="0.038" classname="com.heika.test.verify.cases.API.TestSearchUser"/>
  <testcase name="searchUser_by_verifyStatus" time="0.014" classname="com.heika.test.verify.cases.API.TestSearchUser"/>
  <testcase name="searchUser_by_verifyStatus" time="0.112" classname="com.heika.test.verify.cases.API.TestSearchUser"/>
  <testcase name="searchUser_by_verifyStatus" time="0.309" classname="com.heika.test.verify.cases.API.TestSearchUser"/>
  <testcase name="searchUser_by_verifyStatus" time="0.451" classname="com.heika.test.verify.cases.API.TestSearchUser"/>
  <testcase name="searchUser_by_verifyStatus" time="0.421" classname="com.heika.test.verify.cases.API.TestSearchUser"/>
  <testcase name="searchUser_by_verifyStatus" time="0.433" classname="com.heika.test.verify.cases.API.TestSearchUser"/>
  <testcase name="searchUser_by_verifyStatus" time="0.439" classname="com.heika.test.verify.cases.API.TestSearchUser"/>
  <testcase name="searchUser_by_verifyStatus" time="0.017" classname="com.heika.test.verify.cases.API.TestSearchUser"/>
  <testcase name="searchUser_by_verifyStatus" time="0.014" classname="com.heika.test.verify.cases.API.TestSearchUser"/>
  <testcase name="searchUser_by_verifyStatus" time="0.015" classname="com.heika.test.verify.cases.API.TestSearchUser"/>
  <testcase name="searchUser_by_verifyStatus" time="0.014" classname="com.heika.test.verify.cases.API.TestSearchUser"/>
  <testcase name="searchUser_by_verifyStatus" time="0.093" classname="com.heika.test.verify.cases.API.TestSearchUser"/>
  <testcase name="searchUser_by_verifyStatus" time="0.096" classname="com.heika.test.verify.cases.API.TestSearchUser"/>
  <testcase name="searchUser_by_verifyStatus" time="0.095" classname="com.heika.test.verify.cases.API.TestSearchUser"/>
  <testcase name="searchUser_by_verifyStatus" time="0.097" classname="com.heika.test.verify.cases.API.TestSearchUser"/>
  <testcase name="searchUser_by_verifyStatus" time="0.038" classname="com.heika.test.verify.cases.API.TestSearchUser"/>
  <testcase name="searchUser_by_verifyStatus" time="0.039" classname="com.heika.test.verify.cases.API.TestSearchUser"/>
  <testcase name="searchUser_by_verifyStatus" time="0.038" classname="com.heika.test.verify.cases.API.TestSearchUser"/>
  <testcase name="searchUser_by_verifyStatus" time="0.04" classname="com.heika.test.verify.cases.API.TestSearchUser"/>
  <testcase name="searchUser_by_verifyStatus" time="0.035" classname="com.heika.test.verify.cases.API.TestSearchUser"/>
  <testcase name="searchUser_by_verifyStatus" time="0.034" classname="com.heika.test.verify.cases.API.TestSearchUser"/>
  <testcase name="searchUser_by_verifyStatus" time="0.033" classname="com.heika.test.verify.cases.API.TestSearchUser"/>
  <testcase name="searchUser_by_verifyStatus" time="0.034" classname="com.heika.test.verify.cases.API.TestSearchUser"/>
  <testcase name="searchUser_by_verifyStatus" time="0.035" classname="com.heika.test.verify.cases.API.TestSearchUser"/>
  <testcase name="searchUser_by_verifyStatus" time="0.036" classname="com.heika.test.verify.cases.API.TestSearchUser"/>
  <testcase name="searchUser_by_verifyStatus" time="0.036" classname="com.heika.test.verify.cases.API.TestSearchUser"/>
  <testcase name="searchUser_by_verifyStatus" time="0.037" classname="com.heika.test.verify.cases.API.TestSearchUser"/>
  <testcase name="searchUser_by_verifyStatus" time="0.015" classname="com.heika.test.verify.cases.API.TestSearchUser"/>
  <testcase name="searchUser_by_verifyStatus" time="0.014" classname="com.heika.test.verify.cases.API.TestSearchUser"/>
  <testcase name="searchUser_by_verifyStatus" time="0.014" classname="com.heika.test.verify.cases.API.TestSearchUser"/>
  <testcase name="searchUser_by_verifyStatus" time="0.015" classname="com.heika.test.verify.cases.API.TestSearchUser"/>
  <testcase name="searchUser_by_verifyStatus" time="0.099" classname="com.heika.test.verify.cases.API.TestSearchUser"/>
  <testcase name="searchUser_by_verifyStatus" time="0.107" classname="com.heika.test.verify.cases.API.TestSearchUser"/>
  <testcase name="searchUser_by_verifyStatus" time="0.102" classname="com.heika.test.verify.cases.API.TestSearchUser"/>
  <testcase name="searchUser_by_verifyStatus" time="0.105" classname="com.heika.test.verify.cases.API.TestSearchUser"/>
  <testcase name="searchUser_by_verifyStatus" time="0.289" classname="com.heika.test.verify.cases.API.TestSearchUser"/>
  <testcase name="searchUser_by_verifyStatus" time="0.284" classname="com.heika.test.verify.cases.API.TestSearchUser"/>
  <testcase name="searchUser_by_verifyStatus" time="0.286" classname="com.heika.test.verify.cases.API.TestSearchUser"/>
  <testcase name="searchUser_by_verifyStatus" time="0.293" classname="com.heika.test.verify.cases.API.TestSearchUser"/>
  <testcase name="searchUser_by_verifyStatus" time="0.345" classname="com.heika.test.verify.cases.API.TestSearchUser"/>
  <testcase name="searchUser_by_verifyStatus" time="0.355" classname="com.heika.test.verify.cases.API.TestSearchUser"/>
  <testcase name="searchUser_by_verifyStatus" time="0.358" classname="com.heika.test.verify.cases.API.TestSearchUser"/>
  <testcase name="searchUser_by_verifyStatus" time="0.392" classname="com.heika.test.verify.cases.API.TestSearchUser"/>
  <testcase name="searchUser_by_verifyStatus" time="0.016" classname="com.heika.test.verify.cases.API.TestSearchUser"/>
  <testcase name="searchUser_by_verifyStatus" time="0.014" classname="com.heika.test.verify.cases.API.TestSearchUser"/>
  <testcase name="searchUser_by_verifyStatus" time="0.015" classname="com.heika.test.verify.cases.API.TestSearchUser"/>
  <testcase name="searchUser_by_verifyStatus" time="0.019" classname="com.heika.test.verify.cases.API.TestSearchUser"/>
  <testcase name="searchUser_by_verifyStatus" time="0.063" classname="com.heika.test.verify.cases.API.TestSearchUser"/>
  <testcase name="searchUser_by_verifyStatus" time="0.061" classname="com.heika.test.verify.cases.API.TestSearchUser"/>
  <testcase name="searchUser_by_verifyStatus" time="0.064" classname="com.heika.test.verify.cases.API.TestSearchUser"/>
  <testcase name="searchUser_by_verifyStatus" time="0.06" classname="com.heika.test.verify.cases.API.TestSearchUser"/>
  <testcase name="searchUser_by_verifyStatus" time="0.028" classname="com.heika.test.verify.cases.API.TestSearchUser"/>
  <testcase name="searchUser_by_verifyStatus" time="0.026" classname="com.heika.test.verify.cases.API.TestSearchUser"/>
  <testcase name="searchUser_by_verifyStatus" time="0.029" classname="com.heika.test.verify.cases.API.TestSearchUser"/>
  <testcase name="searchUser_by_verifyStatus" time="0.03" classname="com.heika.test.verify.cases.API.TestSearchUser"/>
  <testcase name="searchUser_by_verifyStatus" time="0.026" classname="com.heika.test.verify.cases.API.TestSearchUser"/>
  <testcase name="searchUser_by_verifyStatus" time="0.027" classname="com.heika.test.verify.cases.API.TestSearchUser"/>
  <testcase name="searchUser_by_verifyStatus" time="0.03" classname="com.heika.test.verify.cases.API.TestSearchUser"/>
  <testcase name="searchUser_by_verifyStatus" time="0.026" classname="com.heika.test.verify.cases.API.TestSearchUser"/>
  <testcase name="searchUser_by_verifyStatus" time="0.026" classname="com.heika.test.verify.cases.API.TestSearchUser"/>
  <testcase name="searchUser_by_verifyStatus" time="0.027" classname="com.heika.test.verify.cases.API.TestSearchUser"/>
  <testcase name="searchUser_by_verifyStatus" time="0.028" classname="com.heika.test.verify.cases.API.TestSearchUser"/>
  <testcase name="searchUser_by_verifyStatus" time="0.026" classname="com.heika.test.verify.cases.API.TestSearchUser"/>
  <testcase name="searchUser_by_verifyStatus" time="0.014" classname="com.heika.test.verify.cases.API.TestSearchUser"/>
  <testcase name="searchUser_by_verifyStatus" time="0.014" classname="com.heika.test.verify.cases.API.TestSearchUser"/>
  <testcase name="searchUser_by_verifyStatus" time="0.015" classname="com.heika.test.verify.cases.API.TestSearchUser"/>
  <testcase name="searchUser_by_verifyStatus" time="0.014" classname="com.heika.test.verify.cases.API.TestSearchUser"/>
  <testcase name="searchUser_by_verifyStatus" time="0.071" classname="com.heika.test.verify.cases.API.TestSearchUser"/>
  <testcase name="searchUser_by_verifyStatus" time="0.068" classname="com.heika.test.verify.cases.API.TestSearchUser"/>
  <testcase name="searchUser_by_verifyStatus" time="0.069" classname="com.heika.test.verify.cases.API.TestSearchUser"/>
  <testcase name="searchUser_by_verifyStatus" time="0.07" classname="com.heika.test.verify.cases.API.TestSearchUser"/>
  <testcase name="searchUser_by_verifyStatus" time="0.211" classname="com.heika.test.verify.cases.API.TestSearchUser"/>
  <testcase name="searchUser_by_verifyStatus" time="0.18" classname="com.heika.test.verify.cases.API.TestSearchUser"/>
  <testcase name="searchUser_by_verifyStatus" time="0.199" classname="com.heika.test.verify.cases.API.TestSearchUser"/>
  <testcase name="searchUser_by_verifyStatus" time="0.192" classname="com.heika.test.verify.cases.API.TestSearchUser"/>
  <testcase name="searchUser_by_verifyStatus" time="1.024" classname="com.heika.test.verify.cases.API.TestSearchUser"/>
  <testcase name="searchUser_by_verifyStatus" time="1.018" classname="com.heika.test.verify.cases.API.TestSearchUser"/>
  <testcase name="searchUser_by_verifyStatus" time="1.019" classname="com.heika.test.verify.cases.API.TestSearchUser"/>
  <testcase name="searchUser_by_verifyStatus" time="1.017" classname="com.heika.test.verify.cases.API.TestSearchUser"/>
  <testcase name="searchUser_by_verifyStatus" time="1.246" classname="com.heika.test.verify.cases.API.TestSearchUser"/>
  <testcase name="searchUser_by_verifyStatus" time="1.234" classname="com.heika.test.verify.cases.API.TestSearchUser"/>
  <testcase name="searchUser_by_verifyStatus" time="1.241" classname="com.heika.test.verify.cases.API.TestSearchUser"/>
  <testcase name="searchUser_by_verifyStatus" time="1.24" classname="com.heika.test.verify.cases.API.TestSearchUser"/>
</testsuite> <!-- Test1 -->
