<?xml version="1.0" encoding="UTF-8"?>
<!-- Generated by org.testng.reporters.JUnitXMLReporter -->
<testsuite hostname="peng-ThinkPad-L440" name="Test1" tests="96" failures="1" timestamp="3 Nov 2015 10:06:05 GMT" time="29.167" errors="0">
  <testcase name="getUserDetailInfo" time="0.679" classname="com.heika.test.verify.cases.API.TestGetUserDetail">
    <failure type="java.lang.AssertionError" message="There are differences between user detail info from response and from DB expected [investigateNoteInfo=investigateNote=CES
investigateUserName=超级管理员
investigateTime=1440060901000

firstVerifyNote=firstVerifyAmount=1.00
firstVerifyCardProductName=黑卡五星
firstVerifyNote=1
firstVerifyUserName=超级管理员
firstVerifyTime=1440586843000

secondVerify=secondVerifyAmount=20000.00
secondVerifyCardProductName=黑卡五星
secondVerifyNote=42452
secondVerifyUserName=超级管理员
secondVerifyTime=1440642093000

strategy=isOld=1
result=通过审批
amount=16000.00
cardProductId=黑卡一星

youxinBlackListEnum=NOT_IN_BLACK_LIST
] but found [investigateNoteInfo=null
firstVerifyNote=null
secondVerify=null
strategy=null
youxinBlackListEnum=null
]">
      <![CDATA[java.lang.AssertionError: There are differences between user detail info from response and from DB expected [investigateNoteInfo=investigateNote=CES
investigateUserName=超级管理员
investigateTime=1440060901000

firstVerifyNote=firstVerifyAmount=1.00
firstVerifyCardProductName=黑卡五星
firstVerifyNote=1
firstVerifyUserName=超级管理员
firstVerifyTime=1440586843000

secondVerify=secondVerifyAmount=20000.00
secondVerifyCardProductName=黑卡五星
secondVerifyNote=42452
secondVerifyUserName=超级管理员
secondVerifyTime=1440642093000

strategy=isOld=1
result=通过审批
amount=16000.00
cardProductId=黑卡一星

youxinBlackListEnum=NOT_IN_BLACK_LIST
] but found [investigateNoteInfo=null
firstVerifyNote=null
secondVerify=null
strategy=null
youxinBlackListEnum=null
]
	at com.heika.test.verify.cases.API.TestGetUserDetail.getUserDetailInfo(TestGetUserDetail.java:31)
... Removed 30 stack frames]]>
    </failure>
  </testcase> <!-- getUserDetailInfo -->
  <testcase name="getUserVerifyLog" time="0.082" classname="com.heika.test.verify.cases.API.TestGetUserVerifyLog"/>
  <testcase name="searchUser_by_pageNum" time="0.852" classname="com.heika.test.verify.cases.API.TestSearchUser"/>
  <testcase name="searchUser_by_pageNum" time="0.478" classname="com.heika.test.verify.cases.API.TestSearchUser"/>
  <testcase name="searchUser_by_pageNum" time="0.398" classname="com.heika.test.verify.cases.API.TestSearchUser"/>
  <testcase name="searchUser_by_pageNum" time="0.393" classname="com.heika.test.verify.cases.API.TestSearchUser"/>
  <testcase name="searchUser_by_pageNum" time="0.459" classname="com.heika.test.verify.cases.API.TestSearchUser"/>
  <testcase name="searchUser_by_verifyStatus" time="0.752" classname="com.heika.test.verify.cases.API.TestSearchUser"/>
  <testcase name="searchUser_by_verifyStatus" time="0.018" classname="com.heika.test.verify.cases.API.TestSearchUser"/>
  <testcase name="searchUser_by_verifyStatus" time="0.109" classname="com.heika.test.verify.cases.API.TestSearchUser"/>
  <testcase name="searchUser_by_verifyStatus" time="0.04" classname="com.heika.test.verify.cases.API.TestSearchUser"/>
  <testcase name="searchUser_by_verifyStatus" time="0.037" classname="com.heika.test.verify.cases.API.TestSearchUser"/>
  <testcase name="searchUser_by_verifyStatus" time="0.035" classname="com.heika.test.verify.cases.API.TestSearchUser"/>
  <testcase name="searchUser_by_verifyStatus" time="0.014" classname="com.heika.test.verify.cases.API.TestSearchUser"/>
  <testcase name="searchUser_by_verifyStatus" time="0.107" classname="com.heika.test.verify.cases.API.TestSearchUser"/>
  <testcase name="searchUser_by_verifyStatus" time="0.312" classname="com.heika.test.verify.cases.API.TestSearchUser"/>
  <testcase name="searchUser_by_verifyStatus" time="0.568" classname="com.heika.test.verify.cases.API.TestSearchUser"/>
  <testcase name="searchUser_by_verifyStatus" time="0.601" classname="com.heika.test.verify.cases.API.TestSearchUser"/>
  <testcase name="searchUser_by_verifyStatus" time="0.597" classname="com.heika.test.verify.cases.API.TestSearchUser"/>
  <testcase name="searchUser_by_verifyStatus" time="0.575" classname="com.heika.test.verify.cases.API.TestSearchUser"/>
  <testcase name="searchUser_by_verifyStatus" time="0.015" classname="com.heika.test.verify.cases.API.TestSearchUser"/>
  <testcase name="searchUser_by_verifyStatus" time="0.013" classname="com.heika.test.verify.cases.API.TestSearchUser"/>
  <testcase name="searchUser_by_verifyStatus" time="0.014" classname="com.heika.test.verify.cases.API.TestSearchUser"/>
  <testcase name="searchUser_by_verifyStatus" time="0.012" classname="com.heika.test.verify.cases.API.TestSearchUser"/>
  <testcase name="searchUser_by_verifyStatus" time="0.091" classname="com.heika.test.verify.cases.API.TestSearchUser"/>
  <testcase name="searchUser_by_verifyStatus" time="0.091" classname="com.heika.test.verify.cases.API.TestSearchUser"/>
  <testcase name="searchUser_by_verifyStatus" time="0.09" classname="com.heika.test.verify.cases.API.TestSearchUser"/>
  <testcase name="searchUser_by_verifyStatus" time="0.091" classname="com.heika.test.verify.cases.API.TestSearchUser"/>
  <testcase name="searchUser_by_verifyStatus" time="0.038" classname="com.heika.test.verify.cases.API.TestSearchUser"/>
  <testcase name="searchUser_by_verifyStatus" time="0.036" classname="com.heika.test.verify.cases.API.TestSearchUser"/>
  <testcase name="searchUser_by_verifyStatus" time="0.035" classname="com.heika.test.verify.cases.API.TestSearchUser"/>
  <testcase name="searchUser_by_verifyStatus" time="0.035" classname="com.heika.test.verify.cases.API.TestSearchUser"/>
  <testcase name="searchUser_by_verifyStatus" time="0.032" classname="com.heika.test.verify.cases.API.TestSearchUser"/>
  <testcase name="searchUser_by_verifyStatus" time="0.033" classname="com.heika.test.verify.cases.API.TestSearchUser"/>
  <testcase name="searchUser_by_verifyStatus" time="0.036" classname="com.heika.test.verify.cases.API.TestSearchUser"/>
  <testcase name="searchUser_by_verifyStatus" time="0.033" classname="com.heika.test.verify.cases.API.TestSearchUser"/>
  <testcase name="searchUser_by_verifyStatus" time="0.038" classname="com.heika.test.verify.cases.API.TestSearchUser"/>
  <testcase name="searchUser_by_verifyStatus" time="0.034" classname="com.heika.test.verify.cases.API.TestSearchUser"/>
  <testcase name="searchUser_by_verifyStatus" time="0.034" classname="com.heika.test.verify.cases.API.TestSearchUser"/>
  <testcase name="searchUser_by_verifyStatus" time="0.033" classname="com.heika.test.verify.cases.API.TestSearchUser"/>
  <testcase name="searchUser_by_verifyStatus" time="0.013" classname="com.heika.test.verify.cases.API.TestSearchUser"/>
  <testcase name="searchUser_by_verifyStatus" time="0.012" classname="com.heika.test.verify.cases.API.TestSearchUser"/>
  <testcase name="searchUser_by_verifyStatus" time="0.013" classname="com.heika.test.verify.cases.API.TestSearchUser"/>
  <testcase name="searchUser_by_verifyStatus" time="0.012" classname="com.heika.test.verify.cases.API.TestSearchUser"/>
  <testcase name="searchUser_by_verifyStatus" time="0.095" classname="com.heika.test.verify.cases.API.TestSearchUser"/>
  <testcase name="searchUser_by_verifyStatus" time="0.096" classname="com.heika.test.verify.cases.API.TestSearchUser"/>
  <testcase name="searchUser_by_verifyStatus" time="0.094" classname="com.heika.test.verify.cases.API.TestSearchUser"/>
  <testcase name="searchUser_by_verifyStatus" time="0.094" classname="com.heika.test.verify.cases.API.TestSearchUser"/>
  <testcase name="searchUser_by_verifyStatus" time="0.277" classname="com.heika.test.verify.cases.API.TestSearchUser"/>
  <testcase name="searchUser_by_verifyStatus" time="0.279" classname="com.heika.test.verify.cases.API.TestSearchUser"/>
  <testcase name="searchUser_by_verifyStatus" time="0.277" classname="com.heika.test.verify.cases.API.TestSearchUser"/>
  <testcase name="searchUser_by_verifyStatus" time="0.278" classname="com.heika.test.verify.cases.API.TestSearchUser"/>
  <testcase name="searchUser_by_verifyStatus" time="0.48" classname="com.heika.test.verify.cases.API.TestSearchUser"/>
  <testcase name="searchUser_by_verifyStatus" time="0.446" classname="com.heika.test.verify.cases.API.TestSearchUser"/>
  <testcase name="searchUser_by_verifyStatus" time="0.446" classname="com.heika.test.verify.cases.API.TestSearchUser"/>
  <testcase name="searchUser_by_verifyStatus" time="0.447" classname="com.heika.test.verify.cases.API.TestSearchUser"/>
  <testcase name="searchUser_by_verifyStatus" time="0.015" classname="com.heika.test.verify.cases.API.TestSearchUser"/>
  <testcase name="searchUser_by_verifyStatus" time="0.013" classname="com.heika.test.verify.cases.API.TestSearchUser"/>
  <testcase name="searchUser_by_verifyStatus" time="0.014" classname="com.heika.test.verify.cases.API.TestSearchUser"/>
  <testcase name="searchUser_by_verifyStatus" time="0.014" classname="com.heika.test.verify.cases.API.TestSearchUser"/>
  <testcase name="searchUser_by_verifyStatus" time="0.059" classname="com.heika.test.verify.cases.API.TestSearchUser"/>
  <testcase name="searchUser_by_verifyStatus" time="0.057" classname="com.heika.test.verify.cases.API.TestSearchUser"/>
  <testcase name="searchUser_by_verifyStatus" time="0.056" classname="com.heika.test.verify.cases.API.TestSearchUser"/>
  <testcase name="searchUser_by_verifyStatus" time="0.055" classname="com.heika.test.verify.cases.API.TestSearchUser"/>
  <testcase name="searchUser_by_verifyStatus" time="0.025" classname="com.heika.test.verify.cases.API.TestSearchUser"/>
  <testcase name="searchUser_by_verifyStatus" time="0.024" classname="com.heika.test.verify.cases.API.TestSearchUser"/>
  <testcase name="searchUser_by_verifyStatus" time="0.026" classname="com.heika.test.verify.cases.API.TestSearchUser"/>
  <testcase name="searchUser_by_verifyStatus" time="0.026" classname="com.heika.test.verify.cases.API.TestSearchUser"/>
  <testcase name="searchUser_by_verifyStatus" time="0.022" classname="com.heika.test.verify.cases.API.TestSearchUser"/>
  <testcase name="searchUser_by_verifyStatus" time="0.023" classname="com.heika.test.verify.cases.API.TestSearchUser"/>
  <testcase name="searchUser_by_verifyStatus" time="0.027" classname="com.heika.test.verify.cases.API.TestSearchUser"/>
  <testcase name="searchUser_by_verifyStatus" time="0.024" classname="com.heika.test.verify.cases.API.TestSearchUser"/>
  <testcase name="searchUser_by_verifyStatus" time="0.024" classname="com.heika.test.verify.cases.API.TestSearchUser"/>
  <testcase name="searchUser_by_verifyStatus" time="0.022" classname="com.heika.test.verify.cases.API.TestSearchUser"/>
  <testcase name="searchUser_by_verifyStatus" time="0.024" classname="com.heika.test.verify.cases.API.TestSearchUser"/>
  <testcase name="searchUser_by_verifyStatus" time="0.025" classname="com.heika.test.verify.cases.API.TestSearchUser"/>
  <testcase name="searchUser_by_verifyStatus" time="0.012" classname="com.heika.test.verify.cases.API.TestSearchUser"/>
  <testcase name="searchUser_by_verifyStatus" time="0.012" classname="com.heika.test.verify.cases.API.TestSearchUser"/>
  <testcase name="searchUser_by_verifyStatus" time="0.014" classname="com.heika.test.verify.cases.API.TestSearchUser"/>
  <testcase name="searchUser_by_verifyStatus" time="0.013" classname="com.heika.test.verify.cases.API.TestSearchUser"/>
  <testcase name="searchUser_by_verifyStatus" time="0.06" classname="com.heika.test.verify.cases.API.TestSearchUser"/>
  <testcase name="searchUser_by_verifyStatus" time="0.062" classname="com.heika.test.verify.cases.API.TestSearchUser"/>
  <testcase name="searchUser_by_verifyStatus" time="0.065" classname="com.heika.test.verify.cases.API.TestSearchUser"/>
  <testcase name="searchUser_by_verifyStatus" time="0.063" classname="com.heika.test.verify.cases.API.TestSearchUser"/>
  <testcase name="searchUser_by_verifyStatus" time="0.197" classname="com.heika.test.verify.cases.API.TestSearchUser"/>
  <testcase name="searchUser_by_verifyStatus" time="0.197" classname="com.heika.test.verify.cases.API.TestSearchUser"/>
  <testcase name="searchUser_by_verifyStatus" time="0.197" classname="com.heika.test.verify.cases.API.TestSearchUser"/>
  <testcase name="searchUser_by_verifyStatus" time="0.187" classname="com.heika.test.verify.cases.API.TestSearchUser"/>
  <testcase name="searchUser_by_verifyStatus" time="1.164" classname="com.heika.test.verify.cases.API.TestSearchUser"/>
  <testcase name="searchUser_by_verifyStatus" time="1.193" classname="com.heika.test.verify.cases.API.TestSearchUser"/>
  <testcase name="searchUser_by_verifyStatus" time="1.196" classname="com.heika.test.verify.cases.API.TestSearchUser"/>
  <testcase name="searchUser_by_verifyStatus" time="1.17" classname="com.heika.test.verify.cases.API.TestSearchUser"/>
  <testcase name="searchUser_by_verifyStatus" time="1.446" classname="com.heika.test.verify.cases.API.TestSearchUser"/>
  <testcase name="searchUser_by_verifyStatus" time="1.43" classname="com.heika.test.verify.cases.API.TestSearchUser"/>
  <testcase name="searchUser_by_verifyStatus" time="1.426" classname="com.heika.test.verify.cases.API.TestSearchUser"/>
  <testcase name="searchUser_by_verifyStatus" time="1.449" classname="com.heika.test.verify.cases.API.TestSearchUser"/>
</testsuite> <!-- Test1 -->
